{"/home/chamhostile/PeetchMe/app-front/src/components/DahsboardMenu.vue": {"path":"/home/chamhostile/PeetchMe/app-front/src/components/DahsboardMenu.vue","statementMap":{"0":{"start":{"line":29,"column":0},"end":{"line":null,"column":-1}},"1":{"start":{"line":35,"column":0},"end":{"line":null,"column":-1}},"2":{"start":{"line":36,"column":0},"end":{"line":null,"column":-1}}},"fnMap":{"0":{"name":"data","decl":{"start":{"line":28,"column":0},"end":{"line":null,"column":-1}},"loc":{"start":{"line":28,"column":0},"end":{"line":32,"column":0}}},"1":{"name":"tabActive","decl":{"start":{"line":34,"column":0},"end":{"line":null,"column":-1}},"loc":{"start":{"line":34,"column":0},"end":{"line":37,"column":0}}}},"branchMap":{},"s":{"0":0,"1":0,"2":0},"f":{"0":0,"1":0},"b":{}}
,"/home/chamhostile/PeetchMe/app-front/src/components/Footer.vue": {"path":"/home/chamhostile/PeetchMe/app-front/src/components/Footer.vue","statementMap":{"0":{"start":{"line":12,"column":0},"end":{"line":null,"column":-1}}},"fnMap":{"0":{"name":"data","decl":{"start":{"line":11,"column":0},"end":{"line":null,"column":-1}},"loc":{"start":{"line":11,"column":0},"end":{"line":14,"column":0}}}},"branchMap":{},"s":{"0":0},"f":{"0":0},"b":{}}
,"/home/chamhostile/PeetchMe/app-front/src/components/HelloWorld copy 2.vue": {"path":"/home/chamhostile/PeetchMe/app-front/src/components/HelloWorld copy 2.vue","statementMap":{"0":{"start":{"line":11,"column":0},"end":{"line":null,"column":-1}}},"fnMap":{"0":{"name":"data","decl":{"start":{"line":10,"column":0},"end":{"line":null,"column":-1}},"loc":{"start":{"line":10,"column":0},"end":{"line":14,"column":0}}}},"branchMap":{},"s":{"0":0},"f":{"0":0},"b":{}}
,"/home/chamhostile/PeetchMe/app-front/src/components/HomeComponent.vue": {"path":"/home/chamhostile/PeetchMe/app-front/src/components/HomeComponent.vue","statementMap":{"0":{"start":{"line":154,"column":0},"end":{"line":null,"column":-1}}},"fnMap":{"0":{"name":"data","decl":{"start":{"line":153,"column":0},"end":{"line":null,"column":-1}},"loc":{"start":{"line":153,"column":0},"end":{"line":157,"column":0}}}},"branchMap":{},"s":{"0":0},"f":{"0":0},"b":{}}
,"/home/chamhostile/PeetchMe/app-front/src/components/LoginComponent.vue": {"path":"/home/chamhostile/PeetchMe/app-front/src/components/LoginComponent.vue","statementMap":{"0":{"start":{"line":30,"column":0},"end":{"line":null,"column":-1}},"1":{"start":{"line":31,"column":0},"end":{"line":null,"column":-1}},"2":{"start":{"line":37,"column":0},"end":{"line":null,"column":-1}},"3":{"start":{"line":46,"column":0},"end":{"line":null,"column":-1}},"4":{"start":{"line":47,"column":0},"end":{"line":64,"column":0}},"5":{"start":{"line":51,"column":0},"end":{"line":62,"column":0}},"6":{"start":{"line":53,"column":0},"end":{"line":null,"column":-1}},"7":{"start":{"line":54,"column":0},"end":{"line":61,"column":0}},"8":{"start":{"line":56,"column":0},"end":{"line":60,"column":0}},"9":{"start":{"line":57,"column":0},"end":{"line":null,"column":-1}},"10":{"start":{"line":59,"column":0},"end":{"line":null,"column":-1}}},"fnMap":{"0":{"name":"data","decl":{"start":{"line":36,"column":0},"end":{"line":null,"column":-1}},"loc":{"start":{"line":36,"column":0},"end":{"line":43,"column":0}}},"1":{"name":"login","decl":{"start":{"line":45,"column":0},"end":{"line":null,"column":-1}},"loc":{"start":{"line":45,"column":0},"end":{"line":65,"column":0}}},"2":{"name":"(anonymous_4)","decl":{"start":{"line":47,"column":0},"end":{"line":null,"column":-1}},"loc":{"start":{"line":47,"column":0},"end":{"line":64,"column":0}}},"3":{"name":"(anonymous_5)","decl":{"start":{"line":51,"column":0},"end":{"line":null,"column":-1}},"loc":{"start":{"line":51,"column":0},"end":{"line":62,"column":0}}},"4":{"name":"(anonymous_6)","decl":{"start":{"line":54,"column":0},"end":{"line":null,"column":-1}},"loc":{"start":{"line":54,"column":0},"end":{"line":61,"column":0}}}},"branchMap":{"0":{"loc":{"start":{"line":56,"column":0},"end":{"line":60,"column":0}},"type":"if","locations":[{"start":{"line":56,"column":0},"end":{"line":60,"column":0}},{"start":{"line":56,"column":0},"end":{"line":60,"column":0}}]}},"s":{"0":0,"1":0,"2":0,"3":0,"4":0,"5":0,"6":0,"7":0,"8":0,"9":0,"10":0},"f":{"0":0,"1":0,"2":0,"3":0,"4":0},"b":{"0":[0,0]}}
,"/home/chamhostile/PeetchMe/app-front/src/components/SideBarComponent.vue": {"path":"/home/chamhostile/PeetchMe/app-front/src/components/SideBarComponent.vue","statementMap":{"0":{"start":{"line":15,"column":0},"end":{"line":null,"column":-1}}},"fnMap":{"0":{"name":"data","decl":{"start":{"line":14,"column":0},"end":{"line":null,"column":-1}},"loc":{"start":{"line":14,"column":0},"end":{"line":18,"column":0}}}},"branchMap":{},"s":{"0":0},"f":{"0":0},"b":{}}
,"/home/chamhostile/PeetchMe/app-front/src/components/ToggleButton.vue": {"path":"/home/chamhostile/PeetchMe/app-front/src/components/ToggleButton.vue","statementMap":{"0":{"start":{"line":13,"column":0},"end":{"line":null,"column":-1}}},"fnMap":{"0":{"name":"data","decl":{"start":{"line":12,"column":0},"end":{"line":null,"column":-1}},"loc":{"start":{"line":12,"column":0},"end":{"line":16,"column":0}}}},"branchMap":{},"s":{"0":0},"f":{"0":0},"b":{}}
,"/home/chamhostile/PeetchMe/app-front/src/components/espace-chercheur/DashboardSearcher.vue": {"path":"/home/chamhostile/PeetchMe/app-front/src/components/espace-chercheur/DashboardSearcher.vue","statementMap":{"0":{"start":{"line":179,"column":0},"end":{"line":null,"column":-1}},"1":{"start":{"line":180,"column":0},"end":{"line":null,"column":-1}},"2":{"start":{"line":181,"column":0},"end":{"line":null,"column":-1}},"3":{"start":{"line":182,"column":0},"end":{"line":null,"column":-1}},"4":{"start":{"line":183,"column":0},"end":{"line":null,"column":-1}},"5":{"start":{"line":184,"column":0},"end":{"line":null,"column":-1}},"6":{"start":{"line":185,"column":0},"end":{"line":null,"column":-1}},"7":{"start":{"line":186,"column":0},"end":{"line":null,"column":-1}},"8":{"start":{"line":193,"column":0},"end":{"line":null,"column":-1}},"9":{"start":{"line":226,"column":0},"end":{"line":null,"column":-1}},"10":{"start":{"line":227,"column":0},"end":{"line":null,"column":-1}},"11":{"start":{"line":228,"column":0},"end":{"line":null,"column":-1}},"12":{"start":{"line":229,"column":0},"end":{"line":null,"column":-1}},"13":{"start":{"line":230,"column":0},"end":{"line":null,"column":-1}},"14":{"start":{"line":231,"column":0},"end":{"line":null,"column":-1}},"15":{"start":{"line":232,"column":0},"end":{"line":237,"column":0}},"16":{"start":{"line":235,"column":0},"end":{"line":null,"column":-1}},"17":{"start":{"line":236,"column":0},"end":{"line":null,"column":-1}},"18":{"start":{"line":238,"column":0},"end":{"line":null,"column":-1}},"19":{"start":{"line":239,"column":0},"end":{"line":null,"column":-1}},"20":{"start":{"line":240,"column":0},"end":{"line":null,"column":-1}},"21":{"start":{"line":241,"column":0},"end":{"line":null,"column":-1}},"22":{"start":{"line":242,"column":0},"end":{"line":null,"column":-1}},"23":{"start":{"line":243,"column":0},"end":{"line":null,"column":-1}},"24":{"start":{"line":248,"column":0},"end":{"line":null,"column":-1}},"25":{"start":{"line":249,"column":0},"end":{"line":null,"column":-1}},"26":{"start":{"line":252,"column":0},"end":{"line":null,"column":-1}},"27":{"start":{"line":255,"column":0},"end":{"line":null,"column":-1}},"28":{"start":{"line":258,"column":0},"end":{"line":null,"column":-1}},"29":{"start":{"line":259,"column":0},"end":{"line":261,"column":0}},"30":{"start":{"line":260,"column":0},"end":{"line":null,"column":-1}},"31":{"start":{"line":264,"column":0},"end":{"line":null,"column":-1}},"32":{"start":{"line":265,"column":0},"end":{"line":279,"column":0}},"33":{"start":{"line":275,"column":0},"end":{"line":null,"column":-1}},"34":{"start":{"line":276,"column":0},"end":{"line":278,"column":0}},"35":{"start":{"line":277,"column":0},"end":{"line":null,"column":-1}},"36":{"start":{"line":282,"column":0},"end":{"line":null,"column":-1}},"37":{"start":{"line":283,"column":0},"end":{"line":286,"column":0}},"38":{"start":{"line":284,"column":0},"end":{"line":null,"column":-1}},"39":{"start":{"line":285,"column":0},"end":{"line":null,"column":-1}},"40":{"start":{"line":289,"column":0},"end":{"line":null,"column":-1}},"41":{"start":{"line":290,"column":0},"end":{"line":292,"column":0}},"42":{"start":{"line":291,"column":0},"end":{"line":null,"column":-1}},"43":{"start":{"line":295,"column":0},"end":{"line":null,"column":-1}},"44":{"start":{"line":296,"column":0},"end":{"line":null,"column":-1}},"45":{"start":{"line":299,"column":0},"end":{"line":null,"column":-1}},"46":{"start":{"line":305,"column":0},"end":{"line":null,"column":-1}},"47":{"start":{"line":306,"column":0},"end":{"line":null,"column":-1}},"48":{"start":{"line":307,"column":0},"end":{"line":318,"column":0}},"49":{"start":{"line":311,"column":0},"end":{"line":null,"column":-1}},"50":{"start":{"line":312,"column":0},"end":{"line":317,"column":0}},"51":{"start":{"line":313,"column":0},"end":{"line":null,"column":-1}},"52":{"start":{"line":316,"column":0},"end":{"line":null,"column":-1}},"53":{"start":{"line":323,"column":0},"end":{"line":null,"column":-1}},"54":{"start":{"line":327,"column":0},"end":{"line":null,"column":-1}},"55":{"start":{"line":331,"column":0},"end":{"line":null,"column":-1}}},"fnMap":{"0":{"name":"data","decl":{"start":{"line":192,"column":0},"end":{"line":null,"column":-1}},"loc":{"start":{"line":192,"column":0},"end":{"line":224,"column":0}}},"1":{"name":"beforeMount","decl":{"start":{"line":225,"column":0},"end":{"line":null,"column":-1}},"loc":{"start":{"line":225,"column":0},"end":{"line":245,"column":0}}},"2":{"name":"(anonymous_4)","decl":{"start":{"line":232,"column":0},"end":{"line":null,"column":-1}},"loc":{"start":{"line":232,"column":0},"end":{"line":237,"column":0}}},"3":{"name":"(anonymous_5)","decl":{"start":{"line":242,"column":0},"end":{"line":null,"column":-1}},"loc":{"start":{"line":242,"column":0},"end":{"line":null,"column":-1}}},"4":{"name":"(anonymous_6)","decl":{"start":{"line":243,"column":0},"end":{"line":null,"column":-1}},"loc":{"start":{"line":243,"column":0},"end":{"line":null,"column":-1}}},"5":{"name":"getTab","decl":{"start":{"line":247,"column":0},"end":{"line":null,"column":-1}},"loc":{"start":{"line":247,"column":0},"end":{"line":250,"column":0}}},"6":{"name":"changeTab","decl":{"start":{"line":251,"column":0},"end":{"line":null,"column":-1}},"loc":{"start":{"line":251,"column":0},"end":{"line":253,"column":0}}},"7":{"name":"forceRerender","decl":{"start":{"line":254,"column":0},"end":{"line":null,"column":-1}},"loc":{"start":{"line":254,"column":0},"end":{"line":256,"column":0}}},"8":{"name":"modeEdit","decl":{"start":{"line":257,"column":0},"end":{"line":null,"column":-1}},"loc":{"start":{"line":257,"column":0},"end":{"line":262,"column":0}}},"9":{"name":"editAccount","decl":{"start":{"line":263,"column":0},"end":{"line":null,"column":-1}},"loc":{"start":{"line":263,"column":0},"end":{"line":280,"column":0}}},"10":{"name":"(anonymous_12)","decl":{"start":{"line":265,"column":0},"end":{"line":null,"column":-1}},"loc":{"start":{"line":265,"column":0},"end":{"line":279,"column":0}}},"11":{"name":"cancelEdit","decl":{"start":{"line":281,"column":0},"end":{"line":null,"column":-1}},"loc":{"start":{"line":281,"column":0},"end":{"line":287,"column":0}}},"12":{"name":"selectType","decl":{"start":{"line":288,"column":0},"end":{"line":null,"column":-1}},"loc":{"start":{"line":288,"column":0},"end":{"line":293,"column":0}}},"13":{"name":"goToDetail","decl":{"start":{"line":294,"column":0},"end":{"line":null,"column":-1}},"loc":{"start":{"line":294,"column":0},"end":{"line":297,"column":0}}},"14":{"name":"goTo","decl":{"start":{"line":298,"column":0},"end":{"line":null,"column":-1}},"loc":{"start":{"line":298,"column":0},"end":{"line":300,"column":0}}},"15":{"name":"editData","decl":{"start":{"line":301,"column":0},"end":{"line":null,"column":-1}},"loc":{"start":{"line":301,"column":0},"end":{"line":null,"column":-1}}},"16":{"name":"setUserType","decl":{"start":{"line":304,"column":0},"end":{"line":null,"column":-1}},"loc":{"start":{"line":304,"column":0},"end":{"line":319,"column":0}}},"17":{"name":"(anonymous_19)","decl":{"start":{"line":307,"column":0},"end":{"line":null,"column":-1}},"loc":{"start":{"line":307,"column":0},"end":{"line":318,"column":0}}},"18":{"name":"userType","decl":{"start":{"line":322,"column":0},"end":{"line":null,"column":-1}},"loc":{"start":{"line":322,"column":0},"end":{"line":324,"column":0}}},"19":{"name":"mySoftSkills","decl":{"start":{"line":325,"column":0},"end":{"line":null,"column":-1}},"loc":{"start":{"line":325,"column":0},"end":{"line":328,"column":0}}},"20":{"name":"(anonymous_22)","decl":{"start":{"line":327,"column":0},"end":{"line":null,"column":-1}},"loc":{"start":{"line":327,"column":0},"end":{"line":null,"column":-1}}},"21":{"name":"generalSkills","decl":{"start":{"line":329,"column":0},"end":{"line":null,"column":-1}},"loc":{"start":{"line":329,"column":0},"end":{"line":332,"column":0}}},"22":{"name":"(anonymous_24)","decl":{"start":{"line":331,"column":0},"end":{"line":null,"column":-1}},"loc":{"start":{"line":331,"column":0},"end":{"line":null,"column":-1}}}},"branchMap":{"0":{"loc":{"start":{"line":230,"column":0},"end":{"line":null,"column":-1}},"type":"if","locations":[{"start":{"line":230,"column":0},"end":{"line":null,"column":-1}},{"start":{"line":230,"column":0},"end":{"line":null,"column":-1}}]},"1":{"loc":{"start":{"line":259,"column":0},"end":{"line":261,"column":0}},"type":"if","locations":[{"start":{"line":259,"column":0},"end":{"line":261,"column":0}},{"start":{"line":259,"column":0},"end":{"line":261,"column":0}}]},"2":{"loc":{"start":{"line":276,"column":0},"end":{"line":278,"column":0}},"type":"if","locations":[{"start":{"line":276,"column":0},"end":{"line":278,"column":0}},{"start":{"line":276,"column":0},"end":{"line":278,"column":0}}]},"3":{"loc":{"start":{"line":283,"column":0},"end":{"line":286,"column":0}},"type":"if","locations":[{"start":{"line":283,"column":0},"end":{"line":286,"column":0}},{"start":{"line":283,"column":0},"end":{"line":286,"column":0}}]},"4":{"loc":{"start":{"line":290,"column":0},"end":{"line":292,"column":0}},"type":"if","locations":[{"start":{"line":290,"column":0},"end":{"line":292,"column":0}},{"start":{"line":290,"column":0},"end":{"line":292,"column":0}}]},"5":{"loc":{"start":{"line":312,"column":0},"end":{"line":317,"column":0}},"type":"if","locations":[{"start":{"line":312,"column":0},"end":{"line":317,"column":0}},{"start":{"line":312,"column":0},"end":{"line":317,"column":0}}]},"6":{"loc":{"start":{"line":323,"column":0},"end":{"line":null,"column":-1}},"type":"cond-expr","locations":[{"start":{"line":323,"column":0},"end":{"line":null,"column":-1}},{"start":{"line":323,"column":0},"end":{"line":null,"column":-1}}]}},"s":{"0":0,"1":0,"2":0,"3":0,"4":0,"5":0,"6":0,"7":0,"8":0,"9":0,"10":0,"11":0,"12":0,"13":0,"14":0,"15":0,"16":0,"17":0,"18":0,"19":0,"20":0,"21":0,"22":0,"23":0,"24":0,"25":0,"26":0,"27":0,"28":0,"29":0,"30":0,"31":0,"32":0,"33":0,"34":0,"35":0,"36":0,"37":0,"38":0,"39":0,"40":0,"41":0,"42":0,"43":0,"44":0,"45":0,"46":0,"47":0,"48":0,"49":0,"50":0,"51":0,"52":0,"53":0,"54":0,"55":0},"f":{"0":0,"1":0,"2":0,"3":0,"4":0,"5":0,"6":0,"7":0,"8":0,"9":0,"10":0,"11":0,"12":0,"13":0,"14":0,"15":0,"16":0,"17":0,"18":0,"19":0,"20":0,"21":0,"22":0},"b":{"0":[0,0],"1":[0,0],"2":[0,0],"3":[0,0],"4":[0,0],"5":[0,0],"6":[0,0]}}
,"/home/chamhostile/PeetchMe/app-front/src/components/espace-chercheur/DetailSearcher.vue": {"path":"/home/chamhostile/PeetchMe/app-front/src/components/espace-chercheur/DetailSearcher.vue","statementMap":{"0":{"start":{"line":72,"column":0},"end":{"line":null,"column":-1}},"1":{"start":{"line":73,"column":0},"end":{"line":null,"column":-1}},"2":{"start":{"line":74,"column":0},"end":{"line":null,"column":-1}},"3":{"start":{"line":80,"column":0},"end":{"line":null,"column":-1}},"4":{"start":{"line":90,"column":0},"end":{"line":null,"column":-1}},"5":{"start":{"line":91,"column":0},"end":{"line":96,"column":0}},"6":{"start":{"line":94,"column":0},"end":{"line":null,"column":-1}},"7":{"start":{"line":95,"column":0},"end":{"line":null,"column":-1}},"8":{"start":{"line":99,"column":0},"end":{"line":null,"column":-1}},"9":{"start":{"line":100,"column":0},"end":{"line":102,"column":0}},"10":{"start":{"line":101,"column":0},"end":{"line":null,"column":-1}},"11":{"start":{"line":103,"column":0},"end":{"line":null,"column":-1}}},"fnMap":{"0":{"name":"data","decl":{"start":{"line":79,"column":0},"end":{"line":null,"column":-1}},"loc":{"start":{"line":79,"column":0},"end":{"line":88,"column":0}}},"1":{"name":"created","decl":{"start":{"line":89,"column":0},"end":{"line":null,"column":-1}},"loc":{"start":{"line":89,"column":0},"end":{"line":97,"column":0}}},"2":{"name":"(anonymous_4)","decl":{"start":{"line":91,"column":0},"end":{"line":null,"column":-1}},"loc":{"start":{"line":91,"column":0},"end":{"line":96,"column":0}}},"3":{"name":"stringifySkills","decl":{"start":{"line":98,"column":0},"end":{"line":null,"column":-1}},"loc":{"start":{"line":98,"column":0},"end":{"line":104,"column":0}}}},"branchMap":{},"s":{"0":0,"1":0,"2":0,"3":0,"4":0,"5":0,"6":0,"7":0,"8":0,"9":0,"10":0,"11":0},"f":{"0":0,"1":0,"2":0,"3":0},"b":{}}
,"/home/chamhostile/PeetchMe/app-front/src/components/espace-chercheur/HomeSearcher.vue": {"path":"/home/chamhostile/PeetchMe/app-front/src/components/espace-chercheur/HomeSearcher.vue","statementMap":{"0":{"start":{"line":135,"column":0},"end":{"line":null,"column":-1}},"1":{"start":{"line":136,"column":0},"end":{"line":null,"column":-1}},"2":{"start":{"line":137,"column":0},"end":{"line":null,"column":-1}},"3":{"start":{"line":138,"column":0},"end":{"line":null,"column":-1}},"4":{"start":{"line":144,"column":0},"end":{"line":null,"column":-1}},"5":{"start":{"line":151,"column":0},"end":{"line":null,"column":-1}},"6":{"start":{"line":152,"column":0},"end":{"line":157,"column":0}},"7":{"start":{"line":153,"column":0},"end":{"line":null,"column":-1}},"8":{"start":{"line":154,"column":0},"end":{"line":null,"column":-1}},"9":{"start":{"line":155,"column":0},"end":{"line":null,"column":-1}},"10":{"start":{"line":156,"column":0},"end":{"line":null,"column":-1}},"11":{"start":{"line":161,"column":0},"end":{"line":null,"column":-1}},"12":{"start":{"line":162,"column":0},"end":{"line":null,"column":-1}},"13":{"start":{"line":165,"column":0},"end":{"line":null,"column":-1}},"14":{"start":{"line":168,"column":0},"end":{"line":null,"column":-1}},"15":{"start":{"line":169,"column":0},"end":{"line":null,"column":-1}}},"fnMap":{"0":{"name":"data","decl":{"start":{"line":143,"column":0},"end":{"line":null,"column":-1}},"loc":{"start":{"line":143,"column":0},"end":{"line":149,"column":0}}},"1":{"name":"created","decl":{"start":{"line":150,"column":0},"end":{"line":null,"column":-1}},"loc":{"start":{"line":150,"column":0},"end":{"line":158,"column":0}}},"2":{"name":"(anonymous_4)","decl":{"start":{"line":152,"column":0},"end":{"line":null,"column":-1}},"loc":{"start":{"line":152,"column":0},"end":{"line":157,"column":0}}},"3":{"name":"goToDetail","decl":{"start":{"line":160,"column":0},"end":{"line":null,"column":-1}},"loc":{"start":{"line":160,"column":0},"end":{"line":163,"column":0}}},"4":{"name":"goTo","decl":{"start":{"line":164,"column":0},"end":{"line":null,"column":-1}},"loc":{"start":{"line":164,"column":0},"end":{"line":166,"column":0}}},"5":{"name":"searchFilter","decl":{"start":{"line":167,"column":0},"end":{"line":null,"column":-1}},"loc":{"start":{"line":167,"column":0},"end":{"line":170,"column":0}}}},"branchMap":{},"s":{"0":0,"1":0,"2":0,"3":0,"4":0,"5":0,"6":0,"7":0,"8":0,"9":0,"10":0,"11":0,"12":0,"13":0,"14":0,"15":0},"f":{"0":0,"1":0,"2":0,"3":0,"4":0,"5":0},"b":{}}
,"/home/chamhostile/PeetchMe/app-front/src/components/espace-chercheur/SearchResultsSearcher.vue": {"path":"/home/chamhostile/PeetchMe/app-front/src/components/espace-chercheur/SearchResultsSearcher.vue","statementMap":{"0":{"start":{"line":54,"column":0},"end":{"line":null,"column":-1}},"1":{"start":{"line":55,"column":0},"end":{"line":null,"column":-1}},"2":{"start":{"line":56,"column":0},"end":{"line":null,"column":-1}},"3":{"start":{"line":57,"column":0},"end":{"line":null,"column":-1}},"4":{"start":{"line":63,"column":0},"end":{"line":null,"column":-1}},"5":{"start":{"line":73,"column":0},"end":{"line":null,"column":-1}},"6":{"start":{"line":74,"column":0},"end":{"line":null,"column":-1}},"7":{"start":{"line":75,"column":0},"end":{"line":77,"column":0}},"8":{"start":{"line":76,"column":0},"end":{"line":null,"column":-1}},"9":{"start":{"line":78,"column":0},"end":{"line":null,"column":-1}},"10":{"start":{"line":79,"column":0},"end":{"line":87,"column":0}},"11":{"start":{"line":82,"column":0},"end":{"line":null,"column":-1}},"12":{"start":{"line":83,"column":0},"end":{"line":null,"column":-1}},"13":{"start":{"line":84,"column":0},"end":{"line":null,"column":-1}},"14":{"start":{"line":85,"column":0},"end":{"line":null,"column":-1}},"15":{"start":{"line":86,"column":0},"end":{"line":null,"column":-1}},"16":{"start":{"line":91,"column":0},"end":{"line":null,"column":-1}},"17":{"start":{"line":92,"column":0},"end":{"line":null,"column":-1}},"18":{"start":{"line":95,"column":0},"end":{"line":null,"column":-1}},"19":{"start":{"line":96,"column":0},"end":{"line":null,"column":-1}},"20":{"start":{"line":97,"column":0},"end":{"line":105,"column":0}},"21":{"start":{"line":100,"column":0},"end":{"line":null,"column":-1}},"22":{"start":{"line":101,"column":0},"end":{"line":null,"column":-1}},"23":{"start":{"line":102,"column":0},"end":{"line":null,"column":-1}},"24":{"start":{"line":103,"column":0},"end":{"line":null,"column":-1}},"25":{"start":{"line":104,"column":0},"end":{"line":null,"column":-1}}},"fnMap":{"0":{"name":"data","decl":{"start":{"line":62,"column":0},"end":{"line":null,"column":-1}},"loc":{"start":{"line":62,"column":0},"end":{"line":71,"column":0}}},"1":{"name":"created","decl":{"start":{"line":72,"column":0},"end":{"line":null,"column":-1}},"loc":{"start":{"line":72,"column":0},"end":{"line":88,"column":0}}},"2":{"name":"(anonymous_4)","decl":{"start":{"line":79,"column":0},"end":{"line":null,"column":-1}},"loc":{"start":{"line":79,"column":0},"end":{"line":87,"column":0}}},"3":{"name":"goToDetail","decl":{"start":{"line":90,"column":0},"end":{"line":null,"column":-1}},"loc":{"start":{"line":90,"column":0},"end":{"line":93,"column":0}}},"4":{"name":"searchFilter","decl":{"start":{"line":94,"column":0},"end":{"line":null,"column":-1}},"loc":{"start":{"line":94,"column":0},"end":{"line":106,"column":0}}},"5":{"name":"(anonymous_7)","decl":{"start":{"line":97,"column":0},"end":{"line":null,"column":-1}},"loc":{"start":{"line":97,"column":0},"end":{"line":105,"column":0}}}},"branchMap":{"0":{"loc":{"start":{"line":75,"column":0},"end":{"line":77,"column":0}},"type":"if","locations":[{"start":{"line":75,"column":0},"end":{"line":77,"column":0}},{"start":{"line":75,"column":0},"end":{"line":77,"column":0}}]}},"s":{"0":0,"1":0,"2":0,"3":0,"4":0,"5":0,"6":0,"7":0,"8":0,"9":0,"10":0,"11":0,"12":0,"13":0,"14":0,"15":0,"16":0,"17":0,"18":0,"19":0,"20":0,"21":0,"22":0,"23":0,"24":0,"25":0},"f":{"0":0,"1":0,"2":0,"3":0,"4":0,"5":0},"b":{"0":[0,0]}}
,"/home/chamhostile/PeetchMe/app-front/src/components/espace-chercheur/SearcherUpdate.vue": {"path":"/home/chamhostile/PeetchMe/app-front/src/components/espace-chercheur/SearcherUpdate.vue","statementMap":{"0":{"start":{"line":135,"column":0},"end":{"line":null,"column":-1}},"1":{"start":{"line":136,"column":0},"end":{"line":null,"column":-1}},"2":{"start":{"line":137,"column":0},"end":{"line":null,"column":-1}},"3":{"start":{"line":138,"column":0},"end":{"line":null,"column":-1}},"4":{"start":{"line":149,"column":0},"end":{"line":null,"column":-1}},"5":{"start":{"line":156,"column":0},"end":{"line":null,"column":-1}},"6":{"start":{"line":157,"column":0},"end":{"line":null,"column":-1}},"7":{"start":{"line":160,"column":0},"end":{"line":null,"column":-1}},"8":{"start":{"line":161,"column":0},"end":{"line":163,"column":0}},"9":{"start":{"line":162,"column":0},"end":{"line":null,"column":-1}},"10":{"start":{"line":166,"column":0},"end":{"line":null,"column":-1}},"11":{"start":{"line":167,"column":0},"end":{"line":169,"column":0}},"12":{"start":{"line":168,"column":0},"end":{"line":null,"column":-1}}},"fnMap":{"0":{"name":"data","decl":{"start":{"line":148,"column":0},"end":{"line":null,"column":-1}},"loc":{"start":{"line":148,"column":0},"end":{"line":153,"column":0}}},"1":{"name":"changeTab","decl":{"start":{"line":155,"column":0},"end":{"line":null,"column":-1}},"loc":{"start":{"line":155,"column":0},"end":{"line":158,"column":0}}},"2":{"name":"modeEdit","decl":{"start":{"line":159,"column":0},"end":{"line":null,"column":-1}},"loc":{"start":{"line":159,"column":0},"end":{"line":164,"column":0}}},"3":{"name":"cancelEdit","decl":{"start":{"line":165,"column":0},"end":{"line":null,"column":-1}},"loc":{"start":{"line":165,"column":0},"end":{"line":170,"column":0}}}},"branchMap":{"0":{"loc":{"start":{"line":161,"column":0},"end":{"line":163,"column":0}},"type":"if","locations":[{"start":{"line":161,"column":0},"end":{"line":163,"column":0}},{"start":{"line":161,"column":0},"end":{"line":163,"column":0}}]},"1":{"loc":{"start":{"line":167,"column":0},"end":{"line":169,"column":0}},"type":"if","locations":[{"start":{"line":167,"column":0},"end":{"line":169,"column":0}},{"start":{"line":167,"column":0},"end":{"line":169,"column":0}}]}},"s":{"0":0,"1":0,"2":0,"3":0,"4":0,"5":0,"6":0,"7":0,"8":0,"9":0,"10":0,"11":0,"12":0},"f":{"0":0,"1":0,"2":0,"3":0},"b":{"0":[0,0],"1":[0,0]}}
,"/home/chamhostile/PeetchMe/app-front/src/components/espace-chercheur/associe/AssocieComponent.vue": {"path":"/home/chamhostile/PeetchMe/app-front/src/components/espace-chercheur/associe/AssocieComponent.vue","statementMap":{"0":{"start":{"line":24,"column":0},"end":{"line":null,"column":-1}}},"fnMap":{},"branchMap":{},"s":{"0":0},"f":{},"b":{}}
,"/home/chamhostile/PeetchMe/app-front/src/components/espace-chercheur/associe/Frame164.vue": {"path":"/home/chamhostile/PeetchMe/app-front/src/components/espace-chercheur/associe/Frame164.vue","statementMap":{"0":{"start":{"line":11,"column":0},"end":{"line":null,"column":-1}}},"fnMap":{},"branchMap":{},"s":{"0":0},"f":{},"b":{}}
,"/home/chamhostile/PeetchMe/app-front/src/components/espace-chercheur/associe/chercheurouporteur.vue": {"path":"/home/chamhostile/PeetchMe/app-front/src/components/espace-chercheur/associe/chercheurouporteur.vue","statementMap":{"0":{"start":{"line":45,"column":0},"end":{"line":null,"column":-1}},"1":{"start":{"line":53,"column":0},"end":{"line":null,"column":-1}},"2":{"start":{"line":59,"column":0},"end":{"line":null,"column":-1}},"3":{"start":{"line":60,"column":0},"end":{"line":null,"column":-1}},"4":{"start":{"line":61,"column":0},"end":{"line":null,"column":-1}},"5":{"start":{"line":62,"column":0},"end":{"line":73,"column":0}},"6":{"start":{"line":66,"column":0},"end":{"line":null,"column":-1}},"7":{"start":{"line":67,"column":0},"end":{"line":72,"column":0}},"8":{"start":{"line":68,"column":0},"end":{"line":null,"column":-1}},"9":{"start":{"line":71,"column":0},"end":{"line":null,"column":-1}}},"fnMap":{"0":{"name":"data","decl":{"start":{"line":52,"column":0},"end":{"line":null,"column":-1}},"loc":{"start":{"line":52,"column":0},"end":{"line":56,"column":0}}},"1":{"name":"setUserType","decl":{"start":{"line":58,"column":0},"end":{"line":null,"column":-1}},"loc":{"start":{"line":58,"column":0},"end":{"line":74,"column":0}}},"2":{"name":"(anonymous_4)","decl":{"start":{"line":62,"column":0},"end":{"line":null,"column":-1}},"loc":{"start":{"line":62,"column":0},"end":{"line":73,"column":0}}}},"branchMap":{"0":{"loc":{"start":{"line":67,"column":0},"end":{"line":72,"column":0}},"type":"if","locations":[{"start":{"line":67,"column":0},"end":{"line":72,"column":0}},{"start":{"line":67,"column":0},"end":{"line":72,"column":0}}]}},"s":{"0":0,"1":0,"2":0,"3":0,"4":0,"5":0,"6":0,"7":0,"8":0,"9":0},"f":{"0":0,"1":0,"2":0},"b":{"0":[0,0]}}
,"/home/chamhostile/PeetchMe/app-front/src/components/espace-porteur/DashboardPorteur.vue": {"path":"/home/chamhostile/PeetchMe/app-front/src/components/espace-porteur/DashboardPorteur.vue","statementMap":{"0":{"start":{"line":56,"column":0},"end":{"line":null,"column":-1}},"1":{"start":{"line":57,"column":0},"end":{"line":null,"column":-1}},"2":{"start":{"line":58,"column":0},"end":{"line":null,"column":-1}},"3":{"start":{"line":64,"column":0},"end":{"line":null,"column":-1}}},"fnMap":{"0":{"name":"data","decl":{"start":{"line":63,"column":0},"end":{"line":null,"column":-1}},"loc":{"start":{"line":63,"column":0},"end":{"line":67,"column":0}}}},"branchMap":{},"s":{"0":0,"1":0,"2":0,"3":0},"f":{"0":0},"b":{}}
,"/home/chamhostile/PeetchMe/app-front/src/components/espace-porteur/DetailProjectComponent.vue": {"path":"/home/chamhostile/PeetchMe/app-front/src/components/espace-porteur/DetailProjectComponent.vue","statementMap":{"0":{"start":{"line":122,"column":0},"end":{"line":null,"column":-1}},"1":{"start":{"line":123,"column":0},"end":{"line":null,"column":-1}},"2":{"start":{"line":124,"column":0},"end":{"line":null,"column":-1}},"3":{"start":{"line":130,"column":0},"end":{"line":null,"column":-1}},"4":{"start":{"line":144,"column":0},"end":{"line":null,"column":-1}},"5":{"start":{"line":145,"column":0},"end":{"line":152,"column":0}},"6":{"start":{"line":148,"column":0},"end":{"line":null,"column":-1}},"7":{"start":{"line":149,"column":0},"end":{"line":null,"column":-1}},"8":{"start":{"line":150,"column":0},"end":{"line":null,"column":-1}},"9":{"start":{"line":151,"column":0},"end":{"line":null,"column":-1}},"10":{"start":{"line":153,"column":0},"end":{"line":null,"column":-1}},"11":{"start":{"line":157,"column":0},"end":{"line":null,"column":-1}},"12":{"start":{"line":158,"column":0},"end":{"line":166,"column":0}},"13":{"start":{"line":162,"column":0},"end":{"line":165,"column":0}},"14":{"start":{"line":163,"column":0},"end":{"line":null,"column":-1}},"15":{"start":{"line":169,"column":0},"end":{"line":null,"column":-1}},"16":{"start":{"line":170,"column":0},"end":{"line":179,"column":0}},"17":{"start":{"line":175,"column":0},"end":{"line":178,"column":0}},"18":{"start":{"line":176,"column":0},"end":{"line":null,"column":-1}}},"fnMap":{"0":{"name":"data","decl":{"start":{"line":129,"column":0},"end":{"line":null,"column":-1}},"loc":{"start":{"line":129,"column":0},"end":{"line":142,"column":0}}},"1":{"name":"created","decl":{"start":{"line":143,"column":0},"end":{"line":null,"column":-1}},"loc":{"start":{"line":143,"column":0},"end":{"line":154,"column":0}}},"2":{"name":"(anonymous_4)","decl":{"start":{"line":145,"column":0},"end":{"line":null,"column":-1}},"loc":{"start":{"line":145,"column":0},"end":{"line":152,"column":0}}},"3":{"name":"addToBibli","decl":{"start":{"line":156,"column":0},"end":{"line":null,"column":-1}},"loc":{"start":{"line":156,"column":0},"end":{"line":167,"column":0}}},"4":{"name":"(anonymous_6)","decl":{"start":{"line":158,"column":0},"end":{"line":null,"column":-1}},"loc":{"start":{"line":158,"column":0},"end":{"line":166,"column":0}}},"5":{"name":"newMessage","decl":{"start":{"line":168,"column":0},"end":{"line":null,"column":-1}},"loc":{"start":{"line":168,"column":0},"end":{"line":180,"column":0}}},"6":{"name":"(anonymous_8)","decl":{"start":{"line":170,"column":0},"end":{"line":null,"column":-1}},"loc":{"start":{"line":170,"column":0},"end":{"line":179,"column":0}}}},"branchMap":{"0":{"loc":{"start":{"line":162,"column":0},"end":{"line":165,"column":0}},"type":"if","locations":[{"start":{"line":162,"column":0},"end":{"line":165,"column":0}},{"start":{"line":162,"column":0},"end":{"line":165,"column":0}}]},"1":{"loc":{"start":{"line":163,"column":0},"end":{"line":null,"column":-1}},"type":"if","locations":[{"start":{"line":163,"column":0},"end":{"line":null,"column":-1}},{"start":{"line":163,"column":0},"end":{"line":null,"column":-1}}]},"2":{"loc":{"start":{"line":175,"column":0},"end":{"line":178,"column":0}},"type":"if","locations":[{"start":{"line":175,"column":0},"end":{"line":178,"column":0}},{"start":{"line":175,"column":0},"end":{"line":178,"column":0}}]},"3":{"loc":{"start":{"line":176,"column":0},"end":{"line":null,"column":-1}},"type":"if","locations":[{"start":{"line":176,"column":0},"end":{"line":null,"column":-1}},{"start":{"line":176,"column":0},"end":{"line":null,"column":-1}}]}},"s":{"0":0,"1":0,"2":0,"3":0,"4":0,"5":0,"6":0,"7":0,"8":0,"9":0,"10":0,"11":0,"12":0,"13":0,"14":0,"15":0,"16":0,"17":0,"18":0},"f":{"0":0,"1":0,"2":0,"3":0,"4":0,"5":0,"6":0},"b":{"0":[0,0],"1":[0,0],"2":[0,0],"3":[0,0]}}
,"/home/chamhostile/PeetchMe/app-front/src/components/espace-porteur/HomePorteur.vue": {"path":"/home/chamhostile/PeetchMe/app-front/src/components/espace-porteur/HomePorteur.vue","statementMap":{"0":{"start":{"line":144,"column":0},"end":{"line":null,"column":-1}},"1":{"start":{"line":145,"column":0},"end":{"line":null,"column":-1}},"2":{"start":{"line":146,"column":0},"end":{"line":null,"column":-1}},"3":{"start":{"line":147,"column":0},"end":{"line":null,"column":-1}},"4":{"start":{"line":148,"column":0},"end":{"line":null,"column":-1}},"5":{"start":{"line":154,"column":0},"end":{"line":null,"column":-1}},"6":{"start":{"line":162,"column":0},"end":{"line":null,"column":-1}},"7":{"start":{"line":163,"column":0},"end":{"line":172,"column":0}},"8":{"start":{"line":164,"column":0},"end":{"line":null,"column":-1}},"9":{"start":{"line":166,"column":0},"end":{"line":null,"column":-1}},"10":{"start":{"line":167,"column":0},"end":{"line":null,"column":-1}},"11":{"start":{"line":168,"column":0},"end":{"line":null,"column":-1}},"12":{"start":{"line":169,"column":0},"end":{"line":171,"column":0}},"13":{"start":{"line":170,"column":0},"end":{"line":null,"column":-1}},"14":{"start":{"line":177,"column":0},"end":{"line":null,"column":-1}},"15":{"start":{"line":178,"column":0},"end":{"line":null,"column":-1}},"16":{"start":{"line":181,"column":0},"end":{"line":null,"column":-1}},"17":{"start":{"line":184,"column":0},"end":{"line":null,"column":-1}},"18":{"start":{"line":185,"column":0},"end":{"line":null,"column":-1}}},"fnMap":{"0":{"name":"data","decl":{"start":{"line":153,"column":0},"end":{"line":null,"column":-1}},"loc":{"start":{"line":153,"column":0},"end":{"line":160,"column":0}}},"1":{"name":"created","decl":{"start":{"line":161,"column":0},"end":{"line":null,"column":-1}},"loc":{"start":{"line":161,"column":0},"end":{"line":174,"column":0}}},"2":{"name":"(anonymous_4)","decl":{"start":{"line":163,"column":0},"end":{"line":null,"column":-1}},"loc":{"start":{"line":163,"column":0},"end":{"line":172,"column":0}}},"3":{"name":"(anonymous_5)","decl":{"start":{"line":169,"column":0},"end":{"line":null,"column":-1}},"loc":{"start":{"line":169,"column":0},"end":{"line":171,"column":0}}},"4":{"name":"goToDetail","decl":{"start":{"line":176,"column":0},"end":{"line":null,"column":-1}},"loc":{"start":{"line":176,"column":0},"end":{"line":179,"column":0}}},"5":{"name":"goTo","decl":{"start":{"line":180,"column":0},"end":{"line":null,"column":-1}},"loc":{"start":{"line":180,"column":0},"end":{"line":182,"column":0}}},"6":{"name":"searchFilter","decl":{"start":{"line":183,"column":0},"end":{"line":null,"column":-1}},"loc":{"start":{"line":183,"column":0},"end":{"line":186,"column":0}}}},"branchMap":{},"s":{"0":0,"1":0,"2":0,"3":0,"4":0,"5":0,"6":0,"7":0,"8":0,"9":0,"10":0,"11":0,"12":0,"13":0,"14":0,"15":0,"16":0,"17":0,"18":0},"f":{"0":0,"1":0,"2":0,"3":0,"4":0,"5":0,"6":0},"b":{}}
,"/home/chamhostile/PeetchMe/app-front/src/components/espace-porteur/SearchResultsPorteur.vue": {"path":"/home/chamhostile/PeetchMe/app-front/src/components/espace-porteur/SearchResultsPorteur.vue","statementMap":{"0":{"start":{"line":87,"column":0},"end":{"line":null,"column":-1}},"1":{"start":{"line":88,"column":0},"end":{"line":null,"column":-1}},"2":{"start":{"line":89,"column":0},"end":{"line":null,"column":-1}},"3":{"start":{"line":90,"column":0},"end":{"line":null,"column":-1}},"4":{"start":{"line":91,"column":0},"end":{"line":null,"column":-1}},"5":{"start":{"line":97,"column":0},"end":{"line":null,"column":-1}},"6":{"start":{"line":107,"column":0},"end":{"line":null,"column":-1}},"7":{"start":{"line":108,"column":0},"end":{"line":null,"column":-1}},"8":{"start":{"line":109,"column":0},"end":{"line":111,"column":0}},"9":{"start":{"line":110,"column":0},"end":{"line":null,"column":-1}},"10":{"start":{"line":112,"column":0},"end":{"line":120,"column":0}},"11":{"start":{"line":115,"column":0},"end":{"line":null,"column":-1}},"12":{"start":{"line":116,"column":0},"end":{"line":null,"column":-1}},"13":{"start":{"line":117,"column":0},"end":{"line":null,"column":-1}},"14":{"start":{"line":118,"column":0},"end":{"line":null,"column":-1}},"15":{"start":{"line":119,"column":0},"end":{"line":null,"column":-1}},"16":{"start":{"line":124,"column":0},"end":{"line":127,"column":0}},"17":{"start":{"line":125,"column":0},"end":{"line":null,"column":-1}},"18":{"start":{"line":126,"column":0},"end":{"line":null,"column":-1}},"19":{"start":{"line":128,"column":0},"end":{"line":null,"column":-1}},"20":{"start":{"line":129,"column":0},"end":{"line":null,"column":-1}},"21":{"start":{"line":130,"column":0},"end":{"line":136,"column":0}},"22":{"start":{"line":133,"column":0},"end":{"line":null,"column":-1}},"23":{"start":{"line":134,"column":0},"end":{"line":null,"column":-1}},"24":{"start":{"line":135,"column":0},"end":{"line":null,"column":-1}},"25":{"start":{"line":139,"column":0},"end":{"line":null,"column":-1}},"26":{"start":{"line":140,"column":0},"end":{"line":null,"column":-1}},"27":{"start":{"line":143,"column":0},"end":{"line":null,"column":-1}},"28":{"start":{"line":144,"column":0},"end":{"line":null,"column":-1}},"29":{"start":{"line":145,"column":0},"end":{"line":153,"column":0}},"30":{"start":{"line":148,"column":0},"end":{"line":null,"column":-1}},"31":{"start":{"line":149,"column":0},"end":{"line":null,"column":-1}},"32":{"start":{"line":150,"column":0},"end":{"line":null,"column":-1}},"33":{"start":{"line":151,"column":0},"end":{"line":null,"column":-1}},"34":{"start":{"line":152,"column":0},"end":{"line":null,"column":-1}}},"fnMap":{"0":{"name":"data","decl":{"start":{"line":96,"column":0},"end":{"line":null,"column":-1}},"loc":{"start":{"line":96,"column":0},"end":{"line":105,"column":0}}},"1":{"name":"created","decl":{"start":{"line":106,"column":0},"end":{"line":null,"column":-1}},"loc":{"start":{"line":106,"column":0},"end":{"line":121,"column":0}}},"2":{"name":"(anonymous_4)","decl":{"start":{"line":112,"column":0},"end":{"line":null,"column":-1}},"loc":{"start":{"line":112,"column":0},"end":{"line":120,"column":0}}},"3":{"name":"nextPage","decl":{"start":{"line":123,"column":0},"end":{"line":null,"column":-1}},"loc":{"start":{"line":123,"column":0},"end":{"line":137,"column":0}}},"4":{"name":"(anonymous_6)","decl":{"start":{"line":130,"column":0},"end":{"line":null,"column":-1}},"loc":{"start":{"line":130,"column":0},"end":{"line":136,"column":0}}},"5":{"name":"goToDetail","decl":{"start":{"line":138,"column":0},"end":{"line":null,"column":-1}},"loc":{"start":{"line":138,"column":0},"end":{"line":141,"column":0}}},"6":{"name":"searchFilter","decl":{"start":{"line":142,"column":0},"end":{"line":null,"column":-1}},"loc":{"start":{"line":142,"column":0},"end":{"line":154,"column":0}}},"7":{"name":"(anonymous_9)","decl":{"start":{"line":145,"column":0},"end":{"line":null,"column":-1}},"loc":{"start":{"line":145,"column":0},"end":{"line":153,"column":0}}}},"branchMap":{"0":{"loc":{"start":{"line":109,"column":0},"end":{"line":111,"column":0}},"type":"if","locations":[{"start":{"line":109,"column":0},"end":{"line":111,"column":0}},{"start":{"line":109,"column":0},"end":{"line":111,"column":0}}]},"1":{"loc":{"start":{"line":124,"column":0},"end":{"line":127,"column":0}},"type":"if","locations":[{"start":{"line":124,"column":0},"end":{"line":127,"column":0}},{"start":{"line":124,"column":0},"end":{"line":127,"column":0}}]},"2":{"loc":{"start":{"line":124,"column":0},"end":{"line":null,"column":-1}},"type":"binary-expr","locations":[{"start":{"line":124,"column":0},"end":{"line":null,"column":-1}},{"start":{"line":124,"column":0},"end":{"line":null,"column":-1}}]}},"s":{"0":0,"1":0,"2":0,"3":0,"4":0,"5":0,"6":0,"7":0,"8":0,"9":0,"10":0,"11":0,"12":0,"13":0,"14":0,"15":0,"16":0,"17":0,"18":0,"19":0,"20":0,"21":0,"22":0,"23":0,"24":0,"25":0,"26":0,"27":0,"28":0,"29":0,"30":0,"31":0,"32":0,"33":0,"34":0},"f":{"0":0,"1":0,"2":0,"3":0,"4":0,"5":0,"6":0,"7":0},"b":{"0":[0,0],"1":[0,0],"2":[0,0]}}
,"/home/chamhostile/PeetchMe/app-front/src/components/messagerie/MessagerieComponent.vue": {"path":"/home/chamhostile/PeetchMe/app-front/src/components/messagerie/MessagerieComponent.vue","statementMap":{"0":{"start":{"line":29,"column":0},"end":{"line":null,"column":-1}},"1":{"start":{"line":35,"column":0},"end":{"line":null,"column":-1}},"2":{"start":{"line":47,"column":0},"end":{"line":null,"column":-1}},"3":{"start":{"line":48,"column":0},"end":{"line":52,"column":0}},"4":{"start":{"line":51,"column":0},"end":{"line":null,"column":-1}},"5":{"start":{"line":53,"column":0},"end":{"line":null,"column":-1}},"6":{"start":{"line":56,"column":0},"end":{"line":null,"column":-1}},"7":{"start":{"line":57,"column":0},"end":{"line":null,"column":-1}},"8":{"start":{"line":58,"column":0},"end":{"line":null,"column":-1}},"9":{"start":{"line":59,"column":0},"end":{"line":null,"column":-1}},"10":{"start":{"line":60,"column":0},"end":{"line":null,"column":-1}},"11":{"start":{"line":61,"column":0},"end":{"line":63,"column":0}},"12":{"start":{"line":62,"column":0},"end":{"line":null,"column":-1}},"13":{"start":{"line":63,"column":0},"end":{"line":null,"column":-1}},"14":{"start":{"line":56,"column":0},"end":{"line":64,"column":0}},"15":{"start":{"line":64,"column":0},"end":{"line":null,"column":-1}},"16":{"start":{"line":67,"column":0},"end":{"line":null,"column":-1}},"17":{"start":{"line":71,"column":0},"end":{"line":null,"column":-1}},"18":{"start":{"line":72,"column":0},"end":{"line":null,"column":-1}},"19":{"start":{"line":73,"column":0},"end":{"line":null,"column":-1}},"20":{"start":{"line":74,"column":0},"end":{"line":78,"column":0}},"21":{"start":{"line":77,"column":0},"end":{"line":null,"column":-1}},"22":{"start":{"line":81,"column":0},"end":{"line":null,"column":-1}}},"fnMap":{"0":{"name":"data","decl":{"start":{"line":34,"column":0},"end":{"line":null,"column":-1}},"loc":{"start":{"line":34,"column":0},"end":{"line":45,"column":0}}},"1":{"name":"created","decl":{"start":{"line":46,"column":0},"end":{"line":null,"column":-1}},"loc":{"start":{"line":46,"column":0},"end":{"line":54,"column":0}}},"2":{"name":"(anonymous_4)","decl":{"start":{"line":48,"column":0},"end":{"line":null,"column":-1}},"loc":{"start":{"line":48,"column":0},"end":{"line":52,"column":0}}},"3":{"name":"getChatRoomUser","decl":{"start":{"line":56,"column":0},"end":{"line":null,"column":-1}},"loc":{"start":{"line":56,"column":0},"end":{"line":69,"column":0}}},"4":{"name":"getMessages","decl":{"start":{"line":70,"column":0},"end":{"line":null,"column":-1}},"loc":{"start":{"line":70,"column":0},"end":{"line":79,"column":0}}},"5":{"name":"(anonymous_9)","decl":{"start":{"line":74,"column":0},"end":{"line":null,"column":-1}},"loc":{"start":{"line":74,"column":0},"end":{"line":78,"column":0}}},"6":{"name":"positionMessage","decl":{"start":{"line":80,"column":0},"end":{"line":null,"column":-1}},"loc":{"start":{"line":80,"column":0},"end":{"line":82,"column":0}}}},"branchMap":{"0":{"loc":{"start":{"line":56,"column":0},"end":{"line":64,"column":0}},"type":"switch","locations":[{"start":{"line":56,"column":0},"end":{"line":64,"column":0}},{"start":{"line":56,"column":0},"end":{"line":null,"column":-1}},{"start":{"line":56,"column":0},"end":{"line":null,"column":-1}},{"start":{"line":56,"column":0},"end":{"line":null,"column":-1}}]},"1":{"loc":{"start":{"line":61,"column":0},"end":{"line":63,"column":0}},"type":"if","locations":[{"start":{"line":61,"column":0},"end":{"line":63,"column":0}},{"start":{"line":61,"column":0},"end":{"line":63,"column":0}}]},"2":{"loc":{"start":{"line":81,"column":0},"end":{"line":null,"column":-1}},"type":"cond-expr","locations":[{"start":{"line":81,"column":0},"end":{"line":null,"column":-1}},{"start":{"line":81,"column":0},"end":{"line":null,"column":-1}}]}},"s":{"0":0,"1":0,"2":0,"3":0,"4":0,"5":0,"6":0,"7":0,"8":0,"9":0,"10":0,"11":0,"12":0,"13":0,"14":0,"15":0,"16":0,"17":0,"18":0,"19":0,"20":0,"21":0,"22":0},"f":{"0":0,"1":0,"2":0,"3":0,"4":0,"5":0,"6":0},"b":{"0":[0,0,0,0],"1":[0,0],"2":[0,0]}}
,"/home/chamhostile/PeetchMe/app-front/src/components/register/NavbarConnected.vue": {"path":"/home/chamhostile/PeetchMe/app-front/src/components/register/NavbarConnected.vue","statementMap":{"0":{"start":{"line":27,"column":0},"end":{"line":null,"column":-1}},"1":{"start":{"line":33,"column":0},"end":{"line":null,"column":-1}}},"fnMap":{"0":{"name":"data","decl":{"start":{"line":26,"column":0},"end":{"line":null,"column":-1}},"loc":{"start":{"line":26,"column":0},"end":{"line":30,"column":0}}},"1":{"name":"goTo","decl":{"start":{"line":32,"column":0},"end":{"line":null,"column":-1}},"loc":{"start":{"line":32,"column":0},"end":{"line":34,"column":0}}}},"branchMap":{},"s":{"0":0,"1":0},"f":{"0":0,"1":0},"b":{}}
,"/home/chamhostile/PeetchMe/app-front/src/components/register/NavbarRegister.vue": {"path":"/home/chamhostile/PeetchMe/app-front/src/components/register/NavbarRegister.vue","statementMap":{"0":{"start":{"line":17,"column":0},"end":{"line":null,"column":-1}}},"fnMap":{"0":{"name":"data","decl":{"start":{"line":16,"column":0},"end":{"line":null,"column":-1}},"loc":{"start":{"line":16,"column":0},"end":{"line":20,"column":0}}}},"branchMap":{},"s":{"0":0},"f":{"0":0},"b":{}}
,"/home/chamhostile/PeetchMe/app-front/src/components/register/RegisterComponent.vue": {"path":"/home/chamhostile/PeetchMe/app-front/src/components/register/RegisterComponent.vue","statementMap":{"0":{"start":{"line":19,"column":0},"end":{"line":null,"column":-1}},"1":{"start":{"line":24,"column":0},"end":{"line":null,"column":-1}}},"fnMap":{"0":{"name":"data","decl":{"start":{"line":23,"column":0},"end":{"line":null,"column":-1}},"loc":{"start":{"line":23,"column":0},"end":{"line":27,"column":0}}}},"branchMap":{},"s":{"0":0,"1":0},"f":{"0":0},"b":{}}
,"/home/chamhostile/PeetchMe/app-front/src/components/register/RegisterStepsChercheur.vue": {"path":"/home/chamhostile/PeetchMe/app-front/src/components/register/RegisterStepsChercheur.vue","statementMap":{"0":{"start":{"line":10,"column":0},"end":{"line":null,"column":-1}},"1":{"start":{"line":11,"column":0},"end":{"line":null,"column":-1}},"2":{"start":{"line":12,"column":0},"end":{"line":null,"column":-1}},"3":{"start":{"line":13,"column":0},"end":{"line":null,"column":-1}},"4":{"start":{"line":14,"column":0},"end":{"line":null,"column":-1}},"5":{"start":{"line":23,"column":0},"end":{"line":null,"column":-1}}},"fnMap":{"0":{"name":"data","decl":{"start":{"line":22,"column":0},"end":{"line":null,"column":-1}},"loc":{"start":{"line":22,"column":0},"end":{"line":53,"column":0}}}},"branchMap":{},"s":{"0":0,"1":0,"2":0,"3":0,"4":0,"5":0},"f":{"0":0},"b":{}}
,"/home/chamhostile/PeetchMe/app-front/src/components/register/RegisterStepsPorteur.vue": {"path":"/home/chamhostile/PeetchMe/app-front/src/components/register/RegisterStepsPorteur.vue","statementMap":{"0":{"start":{"line":10,"column":0},"end":{"line":null,"column":-1}},"1":{"start":{"line":11,"column":0},"end":{"line":null,"column":-1}},"2":{"start":{"line":12,"column":0},"end":{"line":null,"column":-1}},"3":{"start":{"line":13,"column":0},"end":{"line":null,"column":-1}},"4":{"start":{"line":14,"column":0},"end":{"line":null,"column":-1}},"5":{"start":{"line":16,"column":0},"end":{"line":null,"column":-1}},"6":{"start":{"line":25,"column":0},"end":{"line":null,"column":-1}}},"fnMap":{"0":{"name":"data","decl":{"start":{"line":24,"column":0},"end":{"line":null,"column":-1}},"loc":{"start":{"line":24,"column":0},"end":{"line":63,"column":0}}}},"branchMap":{},"s":{"0":0,"1":0,"2":0,"3":0,"4":0,"5":0,"6":0},"f":{"0":0},"b":{}}
,"/home/chamhostile/PeetchMe/app-front/src/components/register/StepperChercheur.vue": {"path":"/home/chamhostile/PeetchMe/app-front/src/components/register/StepperChercheur.vue","statementMap":{"0":{"start":{"line":75,"column":0},"end":{"line":null,"column":-1}},"1":{"start":{"line":80,"column":0},"end":{"line":null,"column":-1}},"2":{"start":{"line":81,"column":0},"end":{"line":null,"column":-1}},"3":{"start":{"line":84,"column":0},"end":{"line":null,"column":-1}},"4":{"start":{"line":98,"column":0},"end":{"line":null,"column":-1}},"5":{"start":{"line":101,"column":0},"end":{"line":null,"column":-1}},"6":{"start":{"line":104,"column":0},"end":{"line":null,"column":-1}},"7":{"start":{"line":106,"column":0},"end":{"line":null,"column":-1}},"8":{"start":{"line":111,"column":0},"end":{"line":null,"column":-1}},"9":{"start":{"line":114,"column":0},"end":{"line":null,"column":-1}},"10":{"start":{"line":119,"column":0},"end":{"line":null,"column":-1}},"11":{"start":{"line":124,"column":0},"end":{"line":null,"column":-1}},"12":{"start":{"line":125,"column":0},"end":{"line":null,"column":-1}},"13":{"start":{"line":126,"column":0},"end":{"line":null,"column":-1}},"14":{"start":{"line":127,"column":0},"end":{"line":129,"column":0}},"15":{"start":{"line":128,"column":0},"end":{"line":null,"column":-1}},"16":{"start":{"line":132,"column":0},"end":{"line":null,"column":-1}},"17":{"start":{"line":133,"column":0},"end":{"line":null,"column":-1}},"18":{"start":{"line":134,"column":0},"end":{"line":null,"column":-1}},"19":{"start":{"line":137,"column":0},"end":{"line":null,"column":-1}},"20":{"start":{"line":138,"column":0},"end":{"line":null,"column":-1}},"21":{"start":{"line":139,"column":0},"end":{"line":null,"column":-1}},"22":{"start":{"line":140,"column":0},"end":{"line":null,"column":-1}},"23":{"start":{"line":143,"column":0},"end":{"line":null,"column":-1}},"24":{"start":{"line":151,"column":0},"end":{"line":null,"column":-1}},"25":{"start":{"line":153,"column":0},"end":{"line":null,"column":-1}},"26":{"start":{"line":155,"column":0},"end":{"line":159,"column":0}},"27":{"start":{"line":156,"column":0},"end":{"line":158,"column":0}},"28":{"start":{"line":157,"column":0},"end":{"line":null,"column":-1}},"29":{"start":{"line":162,"column":0},"end":{"line":null,"column":-1}},"30":{"start":{"line":163,"column":0},"end":{"line":null,"column":-1}},"31":{"start":{"line":164,"column":0},"end":{"line":null,"column":-1}},"32":{"start":{"line":167,"column":0},"end":{"line":null,"column":-1}},"33":{"start":{"line":168,"column":0},"end":{"line":null,"column":-1}},"34":{"start":{"line":169,"column":0},"end":{"line":null,"column":-1}},"35":{"start":{"line":172,"column":0},"end":{"line":null,"column":-1}},"36":{"start":{"line":176,"column":0},"end":{"line":null,"column":-1}},"37":{"start":{"line":177,"column":0},"end":{"line":179,"column":0}},"38":{"start":{"line":178,"column":0},"end":{"line":null,"column":-1}},"39":{"start":{"line":182,"column":0},"end":{"line":null,"column":-1}},"40":{"start":{"line":183,"column":0},"end":{"line":191,"column":0}},"41":{"start":{"line":184,"column":0},"end":{"line":190,"column":0}},"42":{"start":{"line":188,"column":0},"end":{"line":null,"column":-1}},"43":{"start":{"line":189,"column":0},"end":{"line":null,"column":-1}},"44":{"start":{"line":194,"column":0},"end":{"line":null,"column":-1}},"45":{"start":{"line":195,"column":0},"end":{"line":200,"column":0}},"46":{"start":{"line":196,"column":0},"end":{"line":198,"column":0}},"47":{"start":{"line":197,"column":0},"end":{"line":null,"column":-1}},"48":{"start":{"line":199,"column":0},"end":{"line":null,"column":-1}}},"fnMap":{"0":{"name":"_default","decl":{"start":{"line":80,"column":0},"end":{"line":null,"column":-1}},"loc":{"start":{"line":80,"column":0},"end":{"line":null,"column":-1}}},"1":{"name":"_default","decl":{"start":{"line":81,"column":0},"end":{"line":null,"column":-1}},"loc":{"start":{"line":81,"column":0},"end":{"line":null,"column":-1}}},"2":{"name":"data","decl":{"start":{"line":83,"column":0},"end":{"line":null,"column":-1}},"loc":{"start":{"line":83,"column":0},"end":{"line":95,"column":0}}},"3":{"name":"activeStep","decl":{"start":{"line":97,"column":0},"end":{"line":null,"column":-1}},"loc":{"start":{"line":97,"column":0},"end":{"line":99,"column":0}}},"4":{"name":"stepComponent","decl":{"start":{"line":100,"column":0},"end":{"line":null,"column":-1}},"loc":{"start":{"line":100,"column":0},"end":{"line":102,"column":0}}},"5":{"name":"iconClasses","decl":{"start":{"line":103,"column":0},"end":{"line":null,"column":-1}},"loc":{"start":{"line":103,"column":0},"end":{"line":107,"column":0}}},"6":{"name":"setStep","decl":{"start":{"line":110,"column":0},"end":{"line":null,"column":-1}},"loc":{"start":{"line":110,"column":0},"end":{"line":112,"column":0}}},"7":{"name":"resetState","decl":{"start":{"line":113,"column":0},"end":{"line":null,"column":-1}},"loc":{"start":{"line":113,"column":0},"end":{"line":117,"column":0}}},"8":{"name":"setState","decl":{"start":{"line":118,"column":0},"end":{"line":null,"column":-1}},"loc":{"start":{"line":118,"column":0},"end":{"line":123,"column":0}}},"9":{"name":"errorHandler","decl":{"start":{"line":124,"column":0},"end":{"line":null,"column":-1}},"loc":{"start":{"line":124,"column":0},"end":{"line":130,"column":0}}},"10":{"name":"(anonymous_12)","decl":{"start":{"line":127,"column":0},"end":{"line":null,"column":-1}},"loc":{"start":{"line":127,"column":0},"end":{"line":129,"column":0}}},"11":{"name":"blockStepper","decl":{"start":{"line":131,"column":0},"end":{"line":null,"column":-1}},"loc":{"start":{"line":131,"column":0},"end":{"line":135,"column":0}}},"12":{"name":"resetParams","decl":{"start":{"line":136,"column":0},"end":{"line":null,"column":-1}},"loc":{"start":{"line":136,"column":0},"end":{"line":141,"column":0}}},"13":{"name":"stepNumberClasses","decl":{"start":{"line":142,"column":0},"end":{"line":null,"column":-1}},"loc":{"start":{"line":142,"column":0},"end":{"line":149,"column":0}}},"14":{"name":"nextStep","decl":{"start":{"line":150,"column":0},"end":{"line":null,"column":-1}},"loc":{"start":{"line":150,"column":0},"end":{"line":160,"column":0}}},"15":{"name":"nextStepAction","decl":{"start":{"line":161,"column":0},"end":{"line":null,"column":-1}},"loc":{"start":{"line":161,"column":0},"end":{"line":165,"column":0}}},"16":{"name":"backStep","decl":{"start":{"line":166,"column":0},"end":{"line":null,"column":-1}},"loc":{"start":{"line":166,"column":0},"end":{"line":170,"column":0}}},"17":{"name":"loadingAction","decl":{"start":{"line":171,"column":0},"end":{"line":null,"column":-1}},"loc":{"start":{"line":171,"column":0},"end":{"line":174,"column":0}}},"18":{"name":"createAccount","decl":{"start":{"line":175,"column":0},"end":{"line":null,"column":-1}},"loc":{"start":{"line":175,"column":0},"end":{"line":180,"column":0}}},"19":{"name":"(anonymous_21)","decl":{"start":{"line":178,"column":0},"end":{"line":null,"column":-1}},"loc":{"start":{"line":178,"column":0},"end":{"line":null,"column":-1}}},"20":{"name":"loginRegister","decl":{"start":{"line":181,"column":0},"end":{"line":null,"column":-1}},"loc":{"start":{"line":181,"column":0},"end":{"line":192,"column":0}}},"21":{"name":"(anonymous_23)","decl":{"start":{"line":184,"column":0},"end":{"line":null,"column":-1}},"loc":{"start":{"line":184,"column":0},"end":{"line":190,"column":0}}},"22":{"name":"editAction","decl":{"start":{"line":193,"column":0},"end":{"line":null,"column":-1}},"loc":{"start":{"line":193,"column":0},"end":{"line":201,"column":0}}},"23":{"name":"(anonymous_25)","decl":{"start":{"line":195,"column":0},"end":{"line":null,"column":-1}},"loc":{"start":{"line":195,"column":0},"end":{"line":200,"column":0}}}},"branchMap":{"0":{"loc":{"start":{"line":104,"column":0},"end":{"line":null,"column":-1}},"type":"if","locations":[{"start":{"line":104,"column":0},"end":{"line":null,"column":-1}},{"start":{"line":104,"column":0},"end":{"line":null,"column":-1}}]},"1":{"loc":{"start":{"line":111,"column":0},"end":{"line":null,"column":-1}},"type":"if","locations":[{"start":{"line":111,"column":0},"end":{"line":null,"column":-1}},{"start":{"line":111,"column":0},"end":{"line":null,"column":-1}}]},"2":{"loc":{"start":{"line":144,"column":0},"end":{"line":null,"column":-1}},"type":"binary-expr","locations":[{"start":{"line":144,"column":0},"end":{"line":null,"column":-1}},{"start":{"line":144,"column":0},"end":{"line":null,"column":-1}}]},"3":{"loc":{"start":{"line":143,"column":0},"end":{"line":null,"column":-1}},"type":"binary-expr","locations":[{"start":{"line":143,"column":0},"end":{"line":null,"column":-1}},{"start":{"line":143,"column":0},"end":{"line":null,"column":-1}}]},"4":{"loc":{"start":{"line":153,"column":0},"end":{"line":null,"column":-1}},"type":"if","locations":[{"start":{"line":153,"column":0},"end":{"line":null,"column":-1}},{"start":{"line":153,"column":0},"end":{"line":null,"column":-1}}]},"5":{"loc":{"start":{"line":155,"column":0},"end":{"line":159,"column":0}},"type":"if","locations":[{"start":{"line":155,"column":0},"end":{"line":159,"column":0}},{"start":{"line":155,"column":0},"end":{"line":159,"column":0}}]},"6":{"loc":{"start":{"line":156,"column":0},"end":{"line":158,"column":0}},"type":"if","locations":[{"start":{"line":156,"column":0},"end":{"line":158,"column":0}},{"start":{"line":156,"column":0},"end":{"line":158,"column":0}}]},"7":{"loc":{"start":{"line":164,"column":0},"end":{"line":null,"column":-1}},"type":"if","locations":[{"start":{"line":164,"column":0},"end":{"line":null,"column":-1}},{"start":{"line":164,"column":0},"end":{"line":null,"column":-1}}]},"8":{"loc":{"start":{"line":169,"column":0},"end":{"line":null,"column":-1}},"type":"if","locations":[{"start":{"line":169,"column":0},"end":{"line":null,"column":-1}},{"start":{"line":169,"column":0},"end":{"line":null,"column":-1}}]},"9":{"loc":{"start":{"line":177,"column":0},"end":{"line":179,"column":0}},"type":"if","locations":[{"start":{"line":177,"column":0},"end":{"line":179,"column":0}},{"start":{"line":177,"column":0},"end":{"line":179,"column":0}}]},"10":{"loc":{"start":{"line":183,"column":0},"end":{"line":191,"column":0}},"type":"if","locations":[{"start":{"line":183,"column":0},"end":{"line":191,"column":0}},{"start":{"line":183,"column":0},"end":{"line":191,"column":0}}]},"11":{"loc":{"start":{"line":196,"column":0},"end":{"line":198,"column":0}},"type":"if","locations":[{"start":{"line":196,"column":0},"end":{"line":198,"column":0}},{"start":{"line":196,"column":0},"end":{"line":198,"column":0}}]}},"s":{"0":0,"1":0,"2":0,"3":0,"4":0,"5":0,"6":0,"7":0,"8":0,"9":0,"10":0,"11":0,"12":0,"13":0,"14":0,"15":0,"16":0,"17":0,"18":0,"19":0,"20":0,"21":0,"22":0,"23":0,"24":0,"25":0,"26":0,"27":0,"28":0,"29":0,"30":0,"31":0,"32":0,"33":0,"34":0,"35":0,"36":0,"37":0,"38":0,"39":0,"40":0,"41":0,"42":0,"43":0,"44":0,"45":0,"46":0,"47":0,"48":0},"f":{"0":0,"1":0,"2":0,"3":0,"4":0,"5":0,"6":0,"7":0,"8":0,"9":0,"10":0,"11":0,"12":0,"13":0,"14":0,"15":0,"16":0,"17":0,"18":0,"19":0,"20":0,"21":0,"22":0,"23":0},"b":{"0":[0,0],"1":[0,0],"2":[0,0],"3":[0,0],"4":[0,0],"5":[0,0],"6":[0,0],"7":[0,0],"8":[0,0],"9":[0,0],"10":[0,0],"11":[0,0]}}
,"/home/chamhostile/PeetchMe/app-front/src/components/register/StepperPorteur.vue": {"path":"/home/chamhostile/PeetchMe/app-front/src/components/register/StepperPorteur.vue","statementMap":{"0":{"start":{"line":77,"column":0},"end":{"line":null,"column":-1}},"1":{"start":{"line":82,"column":0},"end":{"line":null,"column":-1}},"2":{"start":{"line":83,"column":0},"end":{"line":null,"column":-1}},"3":{"start":{"line":86,"column":0},"end":{"line":null,"column":-1}},"4":{"start":{"line":99,"column":0},"end":{"line":null,"column":-1}},"5":{"start":{"line":102,"column":0},"end":{"line":null,"column":-1}},"6":{"start":{"line":105,"column":0},"end":{"line":null,"column":-1}},"7":{"start":{"line":107,"column":0},"end":{"line":null,"column":-1}},"8":{"start":{"line":112,"column":0},"end":{"line":null,"column":-1}},"9":{"start":{"line":115,"column":0},"end":{"line":null,"column":-1}},"10":{"start":{"line":120,"column":0},"end":{"line":null,"column":-1}},"11":{"start":{"line":125,"column":0},"end":{"line":null,"column":-1}},"12":{"start":{"line":126,"column":0},"end":{"line":null,"column":-1}},"13":{"start":{"line":127,"column":0},"end":{"line":null,"column":-1}},"14":{"start":{"line":128,"column":0},"end":{"line":130,"column":0}},"15":{"start":{"line":129,"column":0},"end":{"line":null,"column":-1}},"16":{"start":{"line":133,"column":0},"end":{"line":null,"column":-1}},"17":{"start":{"line":134,"column":0},"end":{"line":null,"column":-1}},"18":{"start":{"line":135,"column":0},"end":{"line":null,"column":-1}},"19":{"start":{"line":138,"column":0},"end":{"line":null,"column":-1}},"20":{"start":{"line":139,"column":0},"end":{"line":null,"column":-1}},"21":{"start":{"line":140,"column":0},"end":{"line":null,"column":-1}},"22":{"start":{"line":141,"column":0},"end":{"line":null,"column":-1}},"23":{"start":{"line":144,"column":0},"end":{"line":null,"column":-1}},"24":{"start":{"line":152,"column":0},"end":{"line":null,"column":-1}},"25":{"start":{"line":154,"column":0},"end":{"line":158,"column":0}},"26":{"start":{"line":155,"column":0},"end":{"line":157,"column":0}},"27":{"start":{"line":156,"column":0},"end":{"line":null,"column":-1}},"28":{"start":{"line":161,"column":0},"end":{"line":null,"column":-1}},"29":{"start":{"line":162,"column":0},"end":{"line":null,"column":-1}},"30":{"start":{"line":163,"column":0},"end":{"line":null,"column":-1}},"31":{"start":{"line":166,"column":0},"end":{"line":null,"column":-1}},"32":{"start":{"line":167,"column":0},"end":{"line":null,"column":-1}},"33":{"start":{"line":168,"column":0},"end":{"line":null,"column":-1}},"34":{"start":{"line":171,"column":0},"end":{"line":null,"column":-1}},"35":{"start":{"line":175,"column":0},"end":{"line":null,"column":-1}},"36":{"start":{"line":176,"column":0},"end":{"line":182,"column":0}},"37":{"start":{"line":177,"column":0},"end":{"line":181,"column":0}},"38":{"start":{"line":178,"column":0},"end":{"line":null,"column":-1}},"39":{"start":{"line":185,"column":0},"end":{"line":null,"column":-1}},"40":{"start":{"line":186,"column":0},"end":{"line":194,"column":0}},"41":{"start":{"line":187,"column":0},"end":{"line":193,"column":0}},"42":{"start":{"line":191,"column":0},"end":{"line":null,"column":-1}},"43":{"start":{"line":192,"column":0},"end":{"line":null,"column":-1}},"44":{"start":{"line":197,"column":0},"end":{"line":null,"column":-1}},"45":{"start":{"line":198,"column":0},"end":{"line":203,"column":0}},"46":{"start":{"line":199,"column":0},"end":{"line":201,"column":0}},"47":{"start":{"line":200,"column":0},"end":{"line":null,"column":-1}},"48":{"start":{"line":202,"column":0},"end":{"line":null,"column":-1}}},"fnMap":{"0":{"name":"_default","decl":{"start":{"line":82,"column":0},"end":{"line":null,"column":-1}},"loc":{"start":{"line":82,"column":0},"end":{"line":null,"column":-1}}},"1":{"name":"_default","decl":{"start":{"line":83,"column":0},"end":{"line":null,"column":-1}},"loc":{"start":{"line":83,"column":0},"end":{"line":null,"column":-1}}},"2":{"name":"data","decl":{"start":{"line":85,"column":0},"end":{"line":null,"column":-1}},"loc":{"start":{"line":85,"column":0},"end":{"line":96,"column":0}}},"3":{"name":"activeStep","decl":{"start":{"line":98,"column":0},"end":{"line":null,"column":-1}},"loc":{"start":{"line":98,"column":0},"end":{"line":100,"column":0}}},"4":{"name":"stepComponent","decl":{"start":{"line":101,"column":0},"end":{"line":null,"column":-1}},"loc":{"start":{"line":101,"column":0},"end":{"line":103,"column":0}}},"5":{"name":"iconClasses","decl":{"start":{"line":104,"column":0},"end":{"line":null,"column":-1}},"loc":{"start":{"line":104,"column":0},"end":{"line":108,"column":0}}},"6":{"name":"setStep","decl":{"start":{"line":111,"column":0},"end":{"line":null,"column":-1}},"loc":{"start":{"line":111,"column":0},"end":{"line":113,"column":0}}},"7":{"name":"resetState","decl":{"start":{"line":114,"column":0},"end":{"line":null,"column":-1}},"loc":{"start":{"line":114,"column":0},"end":{"line":118,"column":0}}},"8":{"name":"setState","decl":{"start":{"line":119,"column":0},"end":{"line":null,"column":-1}},"loc":{"start":{"line":119,"column":0},"end":{"line":124,"column":0}}},"9":{"name":"errorHandler","decl":{"start":{"line":125,"column":0},"end":{"line":null,"column":-1}},"loc":{"start":{"line":125,"column":0},"end":{"line":131,"column":0}}},"10":{"name":"(anonymous_12)","decl":{"start":{"line":128,"column":0},"end":{"line":null,"column":-1}},"loc":{"start":{"line":128,"column":0},"end":{"line":130,"column":0}}},"11":{"name":"blockStepper","decl":{"start":{"line":132,"column":0},"end":{"line":null,"column":-1}},"loc":{"start":{"line":132,"column":0},"end":{"line":136,"column":0}}},"12":{"name":"resetParams","decl":{"start":{"line":137,"column":0},"end":{"line":null,"column":-1}},"loc":{"start":{"line":137,"column":0},"end":{"line":142,"column":0}}},"13":{"name":"stepNumberClasses","decl":{"start":{"line":143,"column":0},"end":{"line":null,"column":-1}},"loc":{"start":{"line":143,"column":0},"end":{"line":150,"column":0}}},"14":{"name":"nextStep","decl":{"start":{"line":151,"column":0},"end":{"line":null,"column":-1}},"loc":{"start":{"line":151,"column":0},"end":{"line":159,"column":0}}},"15":{"name":"nextStepAction","decl":{"start":{"line":160,"column":0},"end":{"line":null,"column":-1}},"loc":{"start":{"line":160,"column":0},"end":{"line":164,"column":0}}},"16":{"name":"backStep","decl":{"start":{"line":165,"column":0},"end":{"line":null,"column":-1}},"loc":{"start":{"line":165,"column":0},"end":{"line":169,"column":0}}},"17":{"name":"loadingAction","decl":{"start":{"line":170,"column":0},"end":{"line":null,"column":-1}},"loc":{"start":{"line":170,"column":0},"end":{"line":173,"column":0}}},"18":{"name":"createAccount","decl":{"start":{"line":174,"column":0},"end":{"line":null,"column":-1}},"loc":{"start":{"line":174,"column":0},"end":{"line":183,"column":0}}},"19":{"name":"(anonymous_21)","decl":{"start":{"line":177,"column":0},"end":{"line":null,"column":-1}},"loc":{"start":{"line":177,"column":0},"end":{"line":181,"column":0}}},"20":{"name":"loginRegister","decl":{"start":{"line":184,"column":0},"end":{"line":null,"column":-1}},"loc":{"start":{"line":184,"column":0},"end":{"line":195,"column":0}}},"21":{"name":"(anonymous_23)","decl":{"start":{"line":187,"column":0},"end":{"line":null,"column":-1}},"loc":{"start":{"line":187,"column":0},"end":{"line":193,"column":0}}},"22":{"name":"editAction","decl":{"start":{"line":196,"column":0},"end":{"line":null,"column":-1}},"loc":{"start":{"line":196,"column":0},"end":{"line":204,"column":0}}},"23":{"name":"(anonymous_25)","decl":{"start":{"line":198,"column":0},"end":{"line":null,"column":-1}},"loc":{"start":{"line":198,"column":0},"end":{"line":203,"column":0}}}},"branchMap":{"0":{"loc":{"start":{"line":105,"column":0},"end":{"line":null,"column":-1}},"type":"if","locations":[{"start":{"line":105,"column":0},"end":{"line":null,"column":-1}},{"start":{"line":105,"column":0},"end":{"line":null,"column":-1}}]},"1":{"loc":{"start":{"line":112,"column":0},"end":{"line":null,"column":-1}},"type":"if","locations":[{"start":{"line":112,"column":0},"end":{"line":null,"column":-1}},{"start":{"line":112,"column":0},"end":{"line":null,"column":-1}}]},"2":{"loc":{"start":{"line":145,"column":0},"end":{"line":null,"column":-1}},"type":"binary-expr","locations":[{"start":{"line":145,"column":0},"end":{"line":null,"column":-1}},{"start":{"line":145,"column":0},"end":{"line":null,"column":-1}}]},"3":{"loc":{"start":{"line":144,"column":0},"end":{"line":null,"column":-1}},"type":"binary-expr","locations":[{"start":{"line":144,"column":0},"end":{"line":null,"column":-1}},{"start":{"line":144,"column":0},"end":{"line":null,"column":-1}}]},"4":{"loc":{"start":{"line":152,"column":0},"end":{"line":null,"column":-1}},"type":"if","locations":[{"start":{"line":152,"column":0},"end":{"line":null,"column":-1}},{"start":{"line":152,"column":0},"end":{"line":null,"column":-1}}]},"5":{"loc":{"start":{"line":154,"column":0},"end":{"line":158,"column":0}},"type":"if","locations":[{"start":{"line":154,"column":0},"end":{"line":158,"column":0}},{"start":{"line":154,"column":0},"end":{"line":158,"column":0}}]},"6":{"loc":{"start":{"line":155,"column":0},"end":{"line":157,"column":0}},"type":"if","locations":[{"start":{"line":155,"column":0},"end":{"line":157,"column":0}},{"start":{"line":155,"column":0},"end":{"line":157,"column":0}}]},"7":{"loc":{"start":{"line":163,"column":0},"end":{"line":null,"column":-1}},"type":"if","locations":[{"start":{"line":163,"column":0},"end":{"line":null,"column":-1}},{"start":{"line":163,"column":0},"end":{"line":null,"column":-1}}]},"8":{"loc":{"start":{"line":168,"column":0},"end":{"line":null,"column":-1}},"type":"if","locations":[{"start":{"line":168,"column":0},"end":{"line":null,"column":-1}},{"start":{"line":168,"column":0},"end":{"line":null,"column":-1}}]},"9":{"loc":{"start":{"line":176,"column":0},"end":{"line":182,"column":0}},"type":"if","locations":[{"start":{"line":176,"column":0},"end":{"line":182,"column":0}},{"start":{"line":176,"column":0},"end":{"line":182,"column":0}}]},"10":{"loc":{"start":{"line":178,"column":0},"end":{"line":null,"column":-1}},"type":"if","locations":[{"start":{"line":178,"column":0},"end":{"line":null,"column":-1}},{"start":{"line":178,"column":0},"end":{"line":null,"column":-1}}]},"11":{"loc":{"start":{"line":186,"column":0},"end":{"line":194,"column":0}},"type":"if","locations":[{"start":{"line":186,"column":0},"end":{"line":194,"column":0}},{"start":{"line":186,"column":0},"end":{"line":194,"column":0}}]},"12":{"loc":{"start":{"line":199,"column":0},"end":{"line":201,"column":0}},"type":"if","locations":[{"start":{"line":199,"column":0},"end":{"line":201,"column":0}},{"start":{"line":199,"column":0},"end":{"line":201,"column":0}}]}},"s":{"0":0,"1":0,"2":0,"3":0,"4":0,"5":0,"6":0,"7":0,"8":0,"9":0,"10":0,"11":0,"12":0,"13":0,"14":0,"15":0,"16":0,"17":0,"18":0,"19":0,"20":0,"21":0,"22":0,"23":0,"24":0,"25":0,"26":0,"27":0,"28":0,"29":0,"30":0,"31":0,"32":0,"33":0,"34":0,"35":0,"36":0,"37":0,"38":0,"39":0,"40":0,"41":0,"42":0,"43":0,"44":0,"45":0,"46":0,"47":0,"48":0},"f":{"0":0,"1":0,"2":0,"3":0,"4":0,"5":0,"6":0,"7":0,"8":0,"9":0,"10":0,"11":0,"12":0,"13":0,"14":0,"15":0,"16":0,"17":0,"18":0,"19":0,"20":0,"21":0,"22":0,"23":0},"b":{"0":[0,0],"1":[0,0],"2":[0,0],"3":[0,0],"4":[0,0],"5":[0,0],"6":[0,0],"7":[0,0],"8":[0,0],"9":[0,0],"10":[0,0],"11":[0,0],"12":[0,0]}}
,"/home/chamhostile/PeetchMe/app-front/src/components/register/steps/RegisterInfos.vue": {"path":"/home/chamhostile/PeetchMe/app-front/src/components/register/steps/RegisterInfos.vue","statementMap":{"0":{"start":{"line":73,"column":0},"end":{"line":null,"column":-1}},"1":{"start":{"line":74,"column":0},"end":{"line":null,"column":-1}},"2":{"start":{"line":79,"column":0},"end":{"line":null,"column":-1}},"3":{"start":{"line":99,"column":0},"end":{"line":null,"column":-1}},"4":{"start":{"line":100,"column":0},"end":{"line":null,"column":-1}},"5":{"start":{"line":106,"column":0},"end":{"line":null,"column":-1}},"6":{"start":{"line":111,"column":0},"end":{"line":null,"column":-1}},"7":{"start":{"line":121,"column":0},"end":{"line":null,"column":-1}},"8":{"start":{"line":123,"column":0},"end":{"line":131,"column":0}},"9":{"start":{"line":124,"column":0},"end":{"line":null,"column":-1}},"10":{"start":{"line":125,"column":0},"end":{"line":130,"column":0}},"11":{"start":{"line":126,"column":0},"end":{"line":128,"column":0}},"12":{"start":{"line":127,"column":0},"end":{"line":null,"column":-1}},"13":{"start":{"line":129,"column":0},"end":{"line":null,"column":-1}}},"fnMap":{"0":{"name":"data","decl":{"start":{"line":78,"column":0},"end":{"line":null,"column":-1}},"loc":{"start":{"line":78,"column":0},"end":{"line":96,"column":0}}},"1":{"name":"passwordCompare","decl":{"start":{"line":98,"column":0},"end":{"line":null,"column":-1}},"loc":{"start":{"line":98,"column":0},"end":{"line":101,"column":0}}},"2":{"name":"userInfos","decl":{"start":{"line":105,"column":0},"end":{"line":null,"column":-1}},"loc":{"start":{"line":105,"column":0},"end":{"line":107,"column":0}}},"3":{"name":"editAccount","decl":{"start":{"line":110,"column":0},"end":{"line":null,"column":-1}},"loc":{"start":{"line":110,"column":0},"end":{"line":132,"column":0}}},"4":{"name":"(anonymous_6)","decl":{"start":{"line":125,"column":0},"end":{"line":null,"column":-1}},"loc":{"start":{"line":125,"column":0},"end":{"line":130,"column":0}}}},"branchMap":{"0":{"loc":{"start":{"line":100,"column":0},"end":{"line":null,"column":-1}},"type":"cond-expr","locations":[{"start":{"line":100,"column":0},"end":{"line":null,"column":-1}},{"start":{"line":100,"column":0},"end":{"line":null,"column":-1}}]},"1":{"loc":{"start":{"line":123,"column":0},"end":{"line":131,"column":0}},"type":"if","locations":[{"start":{"line":123,"column":0},"end":{"line":131,"column":0}},{"start":{"line":123,"column":0},"end":{"line":131,"column":0}}]},"2":{"loc":{"start":{"line":123,"column":0},"end":{"line":null,"column":-1}},"type":"binary-expr","locations":[{"start":{"line":123,"column":0},"end":{"line":null,"column":-1}},{"start":{"line":123,"column":0},"end":{"line":null,"column":-1}}]},"3":{"loc":{"start":{"line":126,"column":0},"end":{"line":128,"column":0}},"type":"if","locations":[{"start":{"line":126,"column":0},"end":{"line":128,"column":0}},{"start":{"line":126,"column":0},"end":{"line":128,"column":0}}]}},"s":{"0":0,"1":0,"2":0,"3":0,"4":0,"5":0,"6":0,"7":0,"8":0,"9":0,"10":0,"11":0,"12":0,"13":0},"f":{"0":0,"1":0,"2":0,"3":0,"4":0},"b":{"0":[0,0],"1":[0,0],"2":[0,0],"3":[0,0]}}
,"/home/chamhostile/PeetchMe/app-front/src/components/register/steps/RegisterPersonal.vue": {"path":"/home/chamhostile/PeetchMe/app-front/src/components/register/steps/RegisterPersonal.vue","statementMap":{"0":{"start":{"line":67,"column":0},"end":{"line":null,"column":-1}},"1":{"start":{"line":68,"column":0},"end":{"line":null,"column":-1}},"2":{"start":{"line":73,"column":0},"end":{"line":null,"column":-1}},"3":{"start":{"line":86,"column":0},"end":{"line":null,"column":-1}},"4":{"start":{"line":91,"column":0},"end":{"line":null,"column":-1}},"5":{"start":{"line":92,"column":0},"end":{"line":null,"column":-1}},"6":{"start":{"line":99,"column":0},"end":{"line":107,"column":0}},"7":{"start":{"line":100,"column":0},"end":{"line":null,"column":-1}},"8":{"start":{"line":101,"column":0},"end":{"line":106,"column":0}},"9":{"start":{"line":102,"column":0},"end":{"line":104,"column":0}},"10":{"start":{"line":103,"column":0},"end":{"line":null,"column":-1}},"11":{"start":{"line":105,"column":0},"end":{"line":null,"column":-1}}},"fnMap":{"0":{"name":"data","decl":{"start":{"line":72,"column":0},"end":{"line":null,"column":-1}},"loc":{"start":{"line":72,"column":0},"end":{"line":80,"column":0}}},"1":{"name":"userRegister","decl":{"start":{"line":85,"column":0},"end":{"line":null,"column":-1}},"loc":{"start":{"line":85,"column":0},"end":{"line":87,"column":0}}},"2":{"name":"editAccount","decl":{"start":{"line":90,"column":0},"end":{"line":null,"column":-1}},"loc":{"start":{"line":90,"column":0},"end":{"line":108,"column":0}}},"3":{"name":"(anonymous_5)","decl":{"start":{"line":101,"column":0},"end":{"line":null,"column":-1}},"loc":{"start":{"line":101,"column":0},"end":{"line":106,"column":0}}}},"branchMap":{"0":{"loc":{"start":{"line":99,"column":0},"end":{"line":107,"column":0}},"type":"if","locations":[{"start":{"line":99,"column":0},"end":{"line":107,"column":0}},{"start":{"line":99,"column":0},"end":{"line":107,"column":0}}]},"1":{"loc":{"start":{"line":99,"column":0},"end":{"line":null,"column":-1}},"type":"binary-expr","locations":[{"start":{"line":99,"column":0},"end":{"line":null,"column":-1}},{"start":{"line":99,"column":0},"end":{"line":null,"column":-1}}]},"2":{"loc":{"start":{"line":102,"column":0},"end":{"line":104,"column":0}},"type":"if","locations":[{"start":{"line":102,"column":0},"end":{"line":104,"column":0}},{"start":{"line":102,"column":0},"end":{"line":104,"column":0}}]}},"s":{"0":0,"1":0,"2":0,"3":0,"4":0,"5":0,"6":0,"7":0,"8":0,"9":0,"10":0,"11":0},"f":{"0":0,"1":0,"2":0,"3":0},"b":{"0":[0,0],"1":[0,0],"2":[0,0]}}
,"/home/chamhostile/PeetchMe/app-front/src/components/register/steps/RegisterSubscription.vue": {"path":"/home/chamhostile/PeetchMe/app-front/src/components/register/steps/RegisterSubscription.vue","statementMap":{"0":{"start":{"line":44,"column":0},"end":{"line":null,"column":-1}},"1":{"start":{"line":45,"column":0},"end":{"line":null,"column":-1}},"2":{"start":{"line":52,"column":0},"end":{"line":null,"column":-1}},"3":{"start":{"line":53,"column":0},"end":{"line":null,"column":-1}},"4":{"start":{"line":54,"column":0},"end":{"line":null,"column":-1}},"5":{"start":{"line":55,"column":0},"end":{"line":null,"column":-1}},"6":{"start":{"line":58,"column":0},"end":{"line":null,"column":-1}},"7":{"start":{"line":59,"column":0},"end":{"line":null,"column":-1}},"8":{"start":{"line":60,"column":0},"end":{"line":71,"column":0}},"9":{"start":{"line":63,"column":0},"end":{"line":69,"column":0}},"10":{"start":{"line":64,"column":0},"end":{"line":68,"column":0}},"11":{"start":{"line":65,"column":0},"end":{"line":null,"column":-1}},"12":{"start":{"line":67,"column":0},"end":{"line":null,"column":-1}},"13":{"start":{"line":70,"column":0},"end":{"line":null,"column":-1}}},"fnMap":{"0":{"name":"getUserType","decl":{"start":{"line":51,"column":0},"end":{"line":null,"column":-1}},"loc":{"start":{"line":51,"column":0},"end":{"line":56,"column":0}}},"1":{"name":"subscribeUser","decl":{"start":{"line":57,"column":0},"end":{"line":null,"column":-1}},"loc":{"start":{"line":57,"column":0},"end":{"line":72,"column":0}}},"2":{"name":"(anonymous_4)","decl":{"start":{"line":60,"column":0},"end":{"line":null,"column":-1}},"loc":{"start":{"line":60,"column":0},"end":{"line":71,"column":0}}}},"branchMap":{"0":{"loc":{"start":{"line":63,"column":0},"end":{"line":69,"column":0}},"type":"if","locations":[{"start":{"line":63,"column":0},"end":{"line":69,"column":0}},{"start":{"line":63,"column":0},"end":{"line":69,"column":0}}]},"1":{"loc":{"start":{"line":64,"column":0},"end":{"line":68,"column":0}},"type":"if","locations":[{"start":{"line":64,"column":0},"end":{"line":68,"column":0}},{"start":{"line":64,"column":0},"end":{"line":68,"column":0}}]}},"s":{"0":0,"1":0,"2":0,"3":0,"4":0,"5":0,"6":0,"7":0,"8":0,"9":0,"10":0,"11":0,"12":0,"13":0},"f":{"0":0,"1":0,"2":0},"b":{"0":[0,0],"1":[0,0]}}
,"/home/chamhostile/PeetchMe/app-front/src/components/register/steps/RegistrationForm.vue": {"path":"/home/chamhostile/PeetchMe/app-front/src/components/register/steps/RegistrationForm.vue","statementMap":{"0":{"start":{"line":59,"column":0},"end":{"line":null,"column":-1}},"1":{"start":{"line":60,"column":0},"end":{"line":null,"column":-1}},"2":{"start":{"line":66,"column":0},"end":{"line":null,"column":-1}},"3":{"start":{"line":77,"column":0},"end":{"line":null,"column":-1}},"4":{"start":{"line":78,"column":0},"end":{"line":null,"column":-1}},"5":{"start":{"line":84,"column":0},"end":{"line":null,"column":-1}},"6":{"start":{"line":89,"column":0},"end":{"line":null,"column":-1}},"7":{"start":{"line":97,"column":0},"end":{"line":null,"column":-1}},"8":{"start":{"line":98,"column":0},"end":{"line":110,"column":0}},"9":{"start":{"line":99,"column":0},"end":{"line":109,"column":0}},"10":{"start":{"line":103,"column":0},"end":{"line":108,"column":0}},"11":{"start":{"line":104,"column":0},"end":{"line":null,"column":-1}},"12":{"start":{"line":105,"column":0},"end":{"line":107,"column":0}},"13":{"start":{"line":106,"column":0},"end":{"line":null,"column":-1}}},"fnMap":{"0":{"name":"data","decl":{"start":{"line":65,"column":0},"end":{"line":null,"column":-1}},"loc":{"start":{"line":65,"column":0},"end":{"line":74,"column":0}}},"1":{"name":"passwordCompare","decl":{"start":{"line":76,"column":0},"end":{"line":null,"column":-1}},"loc":{"start":{"line":76,"column":0},"end":{"line":79,"column":0}}},"2":{"name":"userRegister","decl":{"start":{"line":83,"column":0},"end":{"line":null,"column":-1}},"loc":{"start":{"line":83,"column":0},"end":{"line":85,"column":0}}},"3":{"name":"prepareAccount","decl":{"start":{"line":88,"column":0},"end":{"line":null,"column":-1}},"loc":{"start":{"line":88,"column":0},"end":{"line":95,"column":0}}},"4":{"name":"createAccount","decl":{"start":{"line":96,"column":0},"end":{"line":null,"column":-1}},"loc":{"start":{"line":96,"column":0},"end":{"line":111,"column":0}}},"5":{"name":"(anonymous_7)","decl":{"start":{"line":98,"column":0},"end":{"line":null,"column":-1}},"loc":{"start":{"line":98,"column":0},"end":{"line":110,"column":0}}},"6":{"name":"(anonymous_8)","decl":{"start":{"line":99,"column":0},"end":{"line":null,"column":-1}},"loc":{"start":{"line":99,"column":0},"end":{"line":109,"column":0}}},"7":{"name":"(anonymous_9)","decl":{"start":{"line":103,"column":0},"end":{"line":null,"column":-1}},"loc":{"start":{"line":103,"column":0},"end":{"line":108,"column":0}}},"8":{"name":"(anonymous_10)","decl":{"start":{"line":105,"column":0},"end":{"line":null,"column":-1}},"loc":{"start":{"line":105,"column":0},"end":{"line":107,"column":0}}}},"branchMap":{"0":{"loc":{"start":{"line":78,"column":0},"end":{"line":null,"column":-1}},"type":"cond-expr","locations":[{"start":{"line":78,"column":0},"end":{"line":null,"column":-1}},{"start":{"line":78,"column":0},"end":{"line":null,"column":-1}}]}},"s":{"0":0,"1":0,"2":0,"3":0,"4":0,"5":0,"6":0,"7":0,"8":0,"9":0,"10":0,"11":0,"12":0,"13":0},"f":{"0":0,"1":0,"2":0,"3":0,"4":0,"5":0,"6":0,"7":0,"8":0},"b":{"0":[0,0]}}
,"/home/chamhostile/PeetchMe/app-front/src/components/register/steps/StepsChercheur1.vue": {"path":"/home/chamhostile/PeetchMe/app-front/src/components/register/steps/StepsChercheur1.vue","statementMap":{"0":{"start":{"line":31,"column":0},"end":{"line":null,"column":-1}},"1":{"start":{"line":33,"column":0},"end":{"line":41,"column":0}},"2":{"start":{"line":36,"column":0},"end":{"line":null,"column":-1}},"3":{"start":{"line":39,"column":0},"end":{"line":null,"column":-1}},"4":{"start":{"line":40,"column":0},"end":{"line":null,"column":-1}},"5":{"start":{"line":47,"column":0},"end":{"line":null,"column":-1}},"6":{"start":{"line":56,"column":0},"end":{"line":null,"column":-1}},"7":{"start":{"line":61,"column":0},"end":{"line":null,"column":-1}}},"fnMap":{"0":{"name":"data","decl":{"start":{"line":46,"column":0},"end":{"line":null,"column":-1}},"loc":{"start":{"line":46,"column":0},"end":{"line":53,"column":0}}},"1":{"name":"passwordCompare","decl":{"start":{"line":55,"column":0},"end":{"line":null,"column":-1}},"loc":{"start":{"line":55,"column":0},"end":{"line":57,"column":0}}},"2":{"name":"prepareAccount","decl":{"start":{"line":60,"column":0},"end":{"line":null,"column":-1}},"loc":{"start":{"line":60,"column":0},"end":{"line":66,"column":0}}}},"branchMap":{"0":{"loc":{"start":{"line":33,"column":0},"end":{"line":41,"column":0}},"type":"if","locations":[{"start":{"line":33,"column":0},"end":{"line":41,"column":0}},{"start":{"line":33,"column":0},"end":{"line":41,"column":0}}]},"1":{"loc":{"start":{"line":56,"column":0},"end":{"line":null,"column":-1}},"type":"cond-expr","locations":[{"start":{"line":56,"column":0},"end":{"line":null,"column":-1}},{"start":{"line":56,"column":0},"end":{"line":null,"column":-1}}]}},"s":{"0":0,"1":0,"2":0,"3":0,"4":0,"5":0,"6":0,"7":0},"f":{"0":0,"1":0,"2":0},"b":{"0":[0,0],"1":[0,0]}}
,"/home/chamhostile/PeetchMe/app-front/src/components/register/steps/StepsChercheur2.vue": {"path":"/home/chamhostile/PeetchMe/app-front/src/components/register/steps/StepsChercheur2.vue","statementMap":{"0":{"start":{"line":93,"column":0},"end":{"line":null,"column":-1}},"1":{"start":{"line":98,"column":0},"end":{"line":null,"column":-1}},"2":{"start":{"line":109,"column":0},"end":{"line":null,"column":-1}},"3":{"start":{"line":110,"column":0},"end":{"line":null,"column":-1}},"4":{"start":{"line":111,"column":0},"end":{"line":null,"column":-1}},"5":{"start":{"line":112,"column":0},"end":{"line":null,"column":-1}},"6":{"start":{"line":115,"column":0},"end":{"line":null,"column":-1}},"7":{"start":{"line":116,"column":0},"end":{"line":null,"column":-1}}},"fnMap":{"0":{"name":"data","decl":{"start":{"line":97,"column":0},"end":{"line":null,"column":-1}},"loc":{"start":{"line":97,"column":0},"end":{"line":106,"column":0}}},"1":{"name":"getUserId","decl":{"start":{"line":108,"column":0},"end":{"line":null,"column":-1}},"loc":{"start":{"line":108,"column":0},"end":{"line":113,"column":0}}},"2":{"name":"editAccount","decl":{"start":{"line":114,"column":0},"end":{"line":null,"column":-1}},"loc":{"start":{"line":114,"column":0},"end":{"line":125,"column":0}}}},"branchMap":{},"s":{"0":0,"1":0,"2":0,"3":0,"4":0,"5":0,"6":0,"7":0},"f":{"0":0,"1":0,"2":0},"b":{}}
,"/home/chamhostile/PeetchMe/app-front/src/components/register/steps/StepsPorteur1.vue": {"path":"/home/chamhostile/PeetchMe/app-front/src/components/register/steps/StepsPorteur1.vue","statementMap":{"0":{"start":{"line":28,"column":0},"end":{"line":null,"column":-1}},"1":{"start":{"line":34,"column":0},"end":{"line":null,"column":-1}},"2":{"start":{"line":43,"column":0},"end":{"line":null,"column":-1}},"3":{"start":{"line":46,"column":0},"end":{"line":null,"column":-1}},"4":{"start":{"line":51,"column":0},"end":{"line":null,"column":-1}}},"fnMap":{"0":{"name":"data","decl":{"start":{"line":33,"column":0},"end":{"line":null,"column":-1}},"loc":{"start":{"line":33,"column":0},"end":{"line":40,"column":0}}},"1":{"name":"passwordCompare","decl":{"start":{"line":42,"column":0},"end":{"line":null,"column":-1}},"loc":{"start":{"line":42,"column":0},"end":{"line":44,"column":0}}},"2":{"name":"fieldValidated","decl":{"start":{"line":45,"column":0},"end":{"line":null,"column":-1}},"loc":{"start":{"line":45,"column":0},"end":{"line":47,"column":0}}},"3":{"name":"prepareAccount","decl":{"start":{"line":50,"column":0},"end":{"line":null,"column":-1}},"loc":{"start":{"line":50,"column":0},"end":{"line":56,"column":0}}}},"branchMap":{"0":{"loc":{"start":{"line":43,"column":0},"end":{"line":null,"column":-1}},"type":"cond-expr","locations":[{"start":{"line":43,"column":0},"end":{"line":null,"column":-1}},{"start":{"line":43,"column":0},"end":{"line":null,"column":-1}}]},"1":{"loc":{"start":{"line":46,"column":0},"end":{"line":null,"column":-1}},"type":"cond-expr","locations":[{"start":{"line":46,"column":0},"end":{"line":null,"column":-1}},{"start":{"line":46,"column":0},"end":{"line":null,"column":-1}}]},"2":{"loc":{"start":{"line":46,"column":0},"end":{"line":null,"column":-1}},"type":"binary-expr","locations":[{"start":{"line":46,"column":0},"end":{"line":null,"column":-1}},{"start":{"line":46,"column":0},"end":{"line":null,"column":-1}},{"start":{"line":46,"column":0},"end":{"line":null,"column":-1}}]}},"s":{"0":0,"1":0,"2":0,"3":0,"4":0},"f":{"0":0,"1":0,"2":0,"3":0},"b":{"0":[0,0],"1":[0,0],"2":[0,0,0]}}
,"/home/chamhostile/PeetchMe/app-front/src/components/register/steps/StepsPorteur2.vue": {"path":"/home/chamhostile/PeetchMe/app-front/src/components/register/steps/StepsPorteur2.vue","statementMap":{"0":{"start":{"line":94,"column":0},"end":{"line":null,"column":-1}},"1":{"start":{"line":99,"column":0},"end":{"line":null,"column":-1}},"2":{"start":{"line":116,"column":0},"end":{"line":null,"column":-1}},"3":{"start":{"line":117,"column":0},"end":{"line":null,"column":-1}},"4":{"start":{"line":120,"column":0},"end":{"line":128,"column":0}}},"fnMap":{"0":{"name":"data","decl":{"start":{"line":98,"column":0},"end":{"line":null,"column":-1}},"loc":{"start":{"line":98,"column":0},"end":{"line":113,"column":0}}},"1":{"name":"getUserId","decl":{"start":{"line":115,"column":0},"end":{"line":null,"column":-1}},"loc":{"start":{"line":115,"column":0},"end":{"line":118,"column":0}}},"2":{"name":"editAccount","decl":{"start":{"line":119,"column":0},"end":{"line":null,"column":-1}},"loc":{"start":{"line":119,"column":0},"end":{"line":138,"column":0}}}},"branchMap":{},"s":{"0":0,"1":0,"2":0,"3":0,"4":0},"f":{"0":0,"1":0,"2":0},"b":{}}
,"/home/chamhostile/PeetchMe/app-front/src/components/register/steps/StepsPorteur3.vue": {"path":"/home/chamhostile/PeetchMe/app-front/src/components/register/steps/StepsPorteur3.vue","statementMap":{"0":{"start":{"line":52,"column":0},"end":{"line":null,"column":-1}},"1":{"start":{"line":58,"column":0},"end":{"line":null,"column":-1}},"2":{"start":{"line":70,"column":0},"end":{"line":null,"column":-1}},"3":{"start":{"line":71,"column":0},"end":{"line":null,"column":-1}},"4":{"start":{"line":72,"column":0},"end":{"line":null,"column":-1}},"5":{"start":{"line":73,"column":0},"end":{"line":null,"column":-1}},"6":{"start":{"line":76,"column":0},"end":{"line":null,"column":-1}}},"fnMap":{"0":{"name":"data","decl":{"start":{"line":57,"column":0},"end":{"line":null,"column":-1}},"loc":{"start":{"line":57,"column":0},"end":{"line":65,"column":0}}},"1":{"name":"getUserId","decl":{"start":{"line":69,"column":0},"end":{"line":null,"column":-1}},"loc":{"start":{"line":69,"column":0},"end":{"line":74,"column":0}}},"2":{"name":"editAccount","decl":{"start":{"line":75,"column":0},"end":{"line":null,"column":-1}},"loc":{"start":{"line":75,"column":0},"end":{"line":85,"column":0}}}},"branchMap":{},"s":{"0":0,"1":0,"2":0,"3":0,"4":0,"5":0,"6":0},"f":{"0":0,"1":0,"2":0},"b":{}}
}
