TN:
SF:/home/chamhostile/PeetchMe/app-front/src/components/DahsboardMenu.vue
FN:28,data
FN:34,tabActive
FNF:2
FNH:0
FNDA:0,data
FNDA:0,tabActive
DA:29,0
DA:35,0
DA:36,0
LF:3
LH:0
BRF:0
BRH:0
end_of_record
TN:
SF:/home/chamhostile/PeetchMe/app-front/src/components/Footer.vue
FN:11,data
FNF:1
FNH:0
FNDA:0,data
DA:12,0
LF:1
LH:0
BRF:0
BRH:0
end_of_record
TN:
SF:/home/chamhostile/PeetchMe/app-front/src/components/HelloWorld copy 2.vue
FN:10,data
FNF:1
FNH:0
FNDA:0,data
DA:11,0
LF:1
LH:0
BRF:0
BRH:0
end_of_record
TN:
SF:/home/chamhostile/PeetchMe/app-front/src/components/HomeComponent.vue
FN:153,data
FNF:1
FNH:0
FNDA:0,data
DA:154,0
LF:1
LH:0
BRF:0
BRH:0
end_of_record
TN:
SF:/home/chamhostile/PeetchMe/app-front/src/components/LoginComponent.vue
FN:36,data
FN:45,login
FN:47,(anonymous_4)
FN:51,(anonymous_5)
FN:54,(anonymous_6)
FNF:5
FNH:0
FNDA:0,data
FNDA:0,login
FNDA:0,(anonymous_4)
FNDA:0,(anonymous_5)
FNDA:0,(anonymous_6)
DA:30,0
DA:31,0
DA:37,0
DA:46,0
DA:47,0
DA:51,0
DA:53,0
DA:54,0
DA:56,0
DA:57,0
DA:59,0
LF:11
LH:0
BRDA:56,0,0,0
BRDA:56,0,1,0
BRF:2
BRH:0
end_of_record
TN:
SF:/home/chamhostile/PeetchMe/app-front/src/components/SideBarComponent.vue
FN:14,data
FNF:1
FNH:0
FNDA:0,data
DA:15,0
LF:1
LH:0
BRF:0
BRH:0
end_of_record
TN:
SF:/home/chamhostile/PeetchMe/app-front/src/components/ToggleButton.vue
FN:12,data
FNF:1
FNH:0
FNDA:0,data
DA:13,0
LF:1
LH:0
BRF:0
BRH:0
end_of_record
TN:
SF:/home/chamhostile/PeetchMe/app-front/src/components/espace-chercheur/DashboardSearcher.vue
FN:192,data
FN:225,beforeMount
FN:232,(anonymous_4)
FN:242,(anonymous_5)
FN:243,(anonymous_6)
FN:247,getTab
FN:251,changeTab
FN:254,forceRerender
FN:257,modeEdit
FN:263,editAccount
FN:265,(anonymous_12)
FN:281,cancelEdit
FN:288,selectType
FN:294,goToDetail
FN:298,goTo
FN:301,editData
FN:304,setUserType
FN:307,(anonymous_19)
FN:322,userType
FN:325,mySoftSkills
FN:327,(anonymous_22)
FN:329,generalSkills
FN:331,(anonymous_24)
FNF:23
FNH:0
FNDA:0,data
FNDA:0,beforeMount
FNDA:0,(anonymous_4)
FNDA:0,(anonymous_5)
FNDA:0,(anonymous_6)
FNDA:0,getTab
FNDA:0,changeTab
FNDA:0,forceRerender
FNDA:0,modeEdit
FNDA:0,editAccount
FNDA:0,(anonymous_12)
FNDA:0,cancelEdit
FNDA:0,selectType
FNDA:0,goToDetail
FNDA:0,goTo
FNDA:0,editData
FNDA:0,setUserType
FNDA:0,(anonymous_19)
FNDA:0,userType
FNDA:0,mySoftSkills
FNDA:0,(anonymous_22)
FNDA:0,generalSkills
FNDA:0,(anonymous_24)
DA:179,0
DA:180,0
DA:181,0
DA:182,0
DA:183,0
DA:184,0
DA:185,0
DA:186,0
DA:193,0
DA:226,0
DA:227,0
DA:228,0
DA:229,0
DA:230,0
DA:231,0
DA:232,0
DA:235,0
DA:236,0
DA:238,0
DA:239,0
DA:240,0
DA:241,0
DA:242,0
DA:243,0
DA:248,0
DA:249,0
DA:252,0
DA:255,0
DA:258,0
DA:259,0
DA:260,0
DA:264,0
DA:265,0
DA:275,0
DA:276,0
DA:277,0
DA:282,0
DA:283,0
DA:284,0
DA:285,0
DA:289,0
DA:290,0
DA:291,0
DA:295,0
DA:296,0
DA:299,0
DA:305,0
DA:306,0
DA:307,0
DA:311,0
DA:312,0
DA:313,0
DA:316,0
DA:323,0
DA:327,0
DA:331,0
LF:56
LH:0
BRDA:230,0,0,0
BRDA:230,0,1,0
BRDA:259,1,0,0
BRDA:259,1,1,0
BRDA:276,2,0,0
BRDA:276,2,1,0
BRDA:283,3,0,0
BRDA:283,3,1,0
BRDA:290,4,0,0
BRDA:290,4,1,0
BRDA:312,5,0,0
BRDA:312,5,1,0
BRDA:323,6,0,0
BRDA:323,6,1,0
BRF:14
BRH:0
end_of_record
TN:
SF:/home/chamhostile/PeetchMe/app-front/src/components/espace-chercheur/DetailSearcher.vue
FN:79,data
FN:89,created
FN:91,(anonymous_4)
FN:98,stringifySkills
FNF:4
FNH:0
FNDA:0,data
FNDA:0,created
FNDA:0,(anonymous_4)
FNDA:0,stringifySkills
DA:72,0
DA:73,0
DA:74,0
DA:80,0
DA:90,0
DA:91,0
DA:94,0
DA:95,0
DA:99,0
DA:100,0
DA:101,0
DA:103,0
LF:12
LH:0
BRF:0
BRH:0
end_of_record
TN:
SF:/home/chamhostile/PeetchMe/app-front/src/components/espace-chercheur/HomeSearcher.vue
FN:143,data
FN:150,created
FN:152,(anonymous_4)
FN:160,goToDetail
FN:164,goTo
FN:167,searchFilter
FNF:6
FNH:0
FNDA:0,data
FNDA:0,created
FNDA:0,(anonymous_4)
FNDA:0,goToDetail
FNDA:0,goTo
FNDA:0,searchFilter
DA:135,0
DA:136,0
DA:137,0
DA:138,0
DA:144,0
DA:151,0
DA:152,0
DA:153,0
DA:154,0
DA:155,0
DA:156,0
DA:161,0
DA:162,0
DA:165,0
DA:168,0
DA:169,0
LF:16
LH:0
BRF:0
BRH:0
end_of_record
TN:
SF:/home/chamhostile/PeetchMe/app-front/src/components/espace-chercheur/SearchResultsSearcher.vue
FN:62,data
FN:72,created
FN:79,(anonymous_4)
FN:90,goToDetail
FN:94,searchFilter
FN:97,(anonymous_7)
FNF:6
FNH:0
FNDA:0,data
FNDA:0,created
FNDA:0,(anonymous_4)
FNDA:0,goToDetail
FNDA:0,searchFilter
FNDA:0,(anonymous_7)
DA:54,0
DA:55,0
DA:56,0
DA:57,0
DA:63,0
DA:73,0
DA:74,0
DA:75,0
DA:76,0
DA:78,0
DA:79,0
DA:82,0
DA:83,0
DA:84,0
DA:85,0
DA:86,0
DA:91,0
DA:92,0
DA:95,0
DA:96,0
DA:97,0
DA:100,0
DA:101,0
DA:102,0
DA:103,0
DA:104,0
LF:26
LH:0
BRDA:75,0,0,0
BRDA:75,0,1,0
BRF:2
BRH:0
end_of_record
TN:
SF:/home/chamhostile/PeetchMe/app-front/src/components/espace-chercheur/SearcherUpdate.vue
FN:148,data
FN:155,changeTab
FN:159,modeEdit
FN:165,cancelEdit
FNF:4
FNH:0
FNDA:0,data
FNDA:0,changeTab
FNDA:0,modeEdit
FNDA:0,cancelEdit
DA:135,0
DA:136,0
DA:137,0
DA:138,0
DA:149,0
DA:156,0
DA:157,0
DA:160,0
DA:161,0
DA:162,0
DA:166,0
DA:167,0
DA:168,0
LF:13
LH:0
BRDA:161,0,0,0
BRDA:161,0,1,0
BRDA:167,1,0,0
BRDA:167,1,1,0
BRF:4
BRH:0
end_of_record
TN:
SF:/home/chamhostile/PeetchMe/app-front/src/components/espace-chercheur/associe/AssocieComponent.vue
FNF:0
FNH:0
DA:24,0
LF:1
LH:0
BRF:0
BRH:0
end_of_record
TN:
SF:/home/chamhostile/PeetchMe/app-front/src/components/espace-chercheur/associe/Frame164.vue
FNF:0
FNH:0
DA:11,0
LF:1
LH:0
BRF:0
BRH:0
end_of_record
TN:
SF:/home/chamhostile/PeetchMe/app-front/src/components/espace-chercheur/associe/chercheurouporteur.vue
FN:52,data
FN:58,setUserType
FN:62,(anonymous_4)
FNF:3
FNH:0
FNDA:0,data
FNDA:0,setUserType
FNDA:0,(anonymous_4)
DA:45,0
DA:53,0
DA:59,0
DA:60,0
DA:61,0
DA:62,0
DA:66,0
DA:67,0
DA:68,0
DA:71,0
LF:10
LH:0
BRDA:67,0,0,0
BRDA:67,0,1,0
BRF:2
BRH:0
end_of_record
TN:
SF:/home/chamhostile/PeetchMe/app-front/src/components/espace-porteur/DashboardPorteur.vue
FN:63,data
FNF:1
FNH:0
FNDA:0,data
DA:56,0
DA:57,0
DA:58,0
DA:64,0
LF:4
LH:0
BRF:0
BRH:0
end_of_record
TN:
SF:/home/chamhostile/PeetchMe/app-front/src/components/espace-porteur/DetailProjectComponent.vue
FN:129,data
FN:143,created
FN:145,(anonymous_4)
FN:156,addToBibli
FN:158,(anonymous_6)
FN:168,newMessage
FN:170,(anonymous_8)
FNF:7
FNH:0
FNDA:0,data
FNDA:0,created
FNDA:0,(anonymous_4)
FNDA:0,addToBibli
FNDA:0,(anonymous_6)
FNDA:0,newMessage
FNDA:0,(anonymous_8)
DA:122,0
DA:123,0
DA:124,0
DA:130,0
DA:144,0
DA:145,0
DA:148,0
DA:149,0
DA:150,0
DA:151,0
DA:153,0
DA:157,0
DA:158,0
DA:162,0
DA:163,0
DA:169,0
DA:170,0
DA:175,0
DA:176,0
LF:19
LH:0
BRDA:162,0,0,0
BRDA:162,0,1,0
BRDA:163,1,0,0
BRDA:163,1,1,0
BRDA:175,2,0,0
BRDA:175,2,1,0
BRDA:176,3,0,0
BRDA:176,3,1,0
BRF:8
BRH:0
end_of_record
TN:
SF:/home/chamhostile/PeetchMe/app-front/src/components/espace-porteur/HomePorteur.vue
FN:153,data
FN:161,created
FN:163,(anonymous_4)
FN:169,(anonymous_5)
FN:176,goToDetail
FN:180,goTo
FN:183,searchFilter
FNF:7
FNH:0
FNDA:0,data
FNDA:0,created
FNDA:0,(anonymous_4)
FNDA:0,(anonymous_5)
FNDA:0,goToDetail
FNDA:0,goTo
FNDA:0,searchFilter
DA:144,0
DA:145,0
DA:146,0
DA:147,0
DA:148,0
DA:154,0
DA:162,0
DA:163,0
DA:164,0
DA:166,0
DA:167,0
DA:168,0
DA:169,0
DA:170,0
DA:177,0
DA:178,0
DA:181,0
DA:184,0
DA:185,0
LF:19
LH:0
BRF:0
BRH:0
end_of_record
TN:
SF:/home/chamhostile/PeetchMe/app-front/src/components/espace-porteur/SearchResultsPorteur.vue
FN:96,data
FN:106,created
FN:112,(anonymous_4)
FN:123,nextPage
FN:130,(anonymous_6)
FN:138,goToDetail
FN:142,searchFilter
FN:145,(anonymous_9)
FNF:8
FNH:0
FNDA:0,data
FNDA:0,created
FNDA:0,(anonymous_4)
FNDA:0,nextPage
FNDA:0,(anonymous_6)
FNDA:0,goToDetail
FNDA:0,searchFilter
FNDA:0,(anonymous_9)
DA:87,0
DA:88,0
DA:89,0
DA:90,0
DA:91,0
DA:97,0
DA:107,0
DA:108,0
DA:109,0
DA:110,0
DA:112,0
DA:115,0
DA:116,0
DA:117,0
DA:118,0
DA:119,0
DA:124,0
DA:125,0
DA:126,0
DA:128,0
DA:129,0
DA:130,0
DA:133,0
DA:134,0
DA:135,0
DA:139,0
DA:140,0
DA:143,0
DA:144,0
DA:145,0
DA:148,0
DA:149,0
DA:150,0
DA:151,0
DA:152,0
LF:35
LH:0
BRDA:109,0,0,0
BRDA:109,0,1,0
BRDA:124,1,0,0
BRDA:124,1,1,0
BRDA:124,2,0,0
BRDA:124,2,1,0
BRF:6
BRH:0
end_of_record
TN:
SF:/home/chamhostile/PeetchMe/app-front/src/components/messagerie/MessagerieComponent.vue
FN:34,data
FN:46,created
FN:48,(anonymous_4)
FN:56,getChatRoomUser
FN:70,getMessages
FN:74,(anonymous_9)
FN:80,positionMessage
FNF:7
FNH:0
FNDA:0,data
FNDA:0,created
FNDA:0,(anonymous_4)
FNDA:0,getChatRoomUser
FNDA:0,getMessages
FNDA:0,(anonymous_9)
FNDA:0,positionMessage
DA:29,0
DA:35,0
DA:47,0
DA:48,0
DA:51,0
DA:53,0
DA:56,0
DA:57,0
DA:58,0
DA:59,0
DA:60,0
DA:61,0
DA:62,0
DA:63,0
DA:64,0
DA:67,0
DA:71,0
DA:72,0
DA:73,0
DA:74,0
DA:77,0
DA:81,0
LF:22
LH:0
BRDA:56,0,0,0
BRDA:56,0,1,0
BRDA:56,0,2,0
BRDA:56,0,3,0
BRDA:61,1,0,0
BRDA:61,1,1,0
BRDA:81,2,0,0
BRDA:81,2,1,0
BRF:8
BRH:0
end_of_record
TN:
SF:/home/chamhostile/PeetchMe/app-front/src/components/register/NavbarConnected.vue
FN:26,data
FN:32,goTo
FNF:2
FNH:0
FNDA:0,data
FNDA:0,goTo
DA:27,0
DA:33,0
LF:2
LH:0
BRF:0
BRH:0
end_of_record
TN:
SF:/home/chamhostile/PeetchMe/app-front/src/components/register/NavbarRegister.vue
FN:16,data
FNF:1
FNH:0
FNDA:0,data
DA:17,0
LF:1
LH:0
BRF:0
BRH:0
end_of_record
TN:
SF:/home/chamhostile/PeetchMe/app-front/src/components/register/RegisterComponent.vue
FN:23,data
FNF:1
FNH:0
FNDA:0,data
DA:19,0
DA:24,0
LF:2
LH:0
BRF:0
BRH:0
end_of_record
TN:
SF:/home/chamhostile/PeetchMe/app-front/src/components/register/RegisterStepsChercheur.vue
FN:22,data
FNF:1
FNH:0
FNDA:0,data
DA:10,0
DA:11,0
DA:12,0
DA:13,0
DA:14,0
DA:23,0
LF:6
LH:0
BRF:0
BRH:0
end_of_record
TN:
SF:/home/chamhostile/PeetchMe/app-front/src/components/register/RegisterStepsPorteur.vue
FN:24,data
FNF:1
FNH:0
FNDA:0,data
DA:10,0
DA:11,0
DA:12,0
DA:13,0
DA:14,0
DA:16,0
DA:25,0
LF:7
LH:0
BRF:0
BRH:0
end_of_record
TN:
SF:/home/chamhostile/PeetchMe/app-front/src/components/register/StepperChercheur.vue
FN:80,_default
FN:81,_default
FN:83,data
FN:97,activeStep
FN:100,stepComponent
FN:103,iconClasses
FN:110,setStep
FN:113,resetState
FN:118,setState
FN:124,errorHandler
FN:127,(anonymous_12)
FN:131,blockStepper
FN:136,resetParams
FN:142,stepNumberClasses
FN:150,nextStep
FN:161,nextStepAction
FN:166,backStep
FN:171,loadingAction
FN:175,createAccount
FN:178,(anonymous_21)
FN:181,loginRegister
FN:184,(anonymous_23)
FN:193,editAction
FN:195,(anonymous_25)
FNF:24
FNH:0
FNDA:0,_default
FNDA:0,_default
FNDA:0,data
FNDA:0,activeStep
FNDA:0,stepComponent
FNDA:0,iconClasses
FNDA:0,setStep
FNDA:0,resetState
FNDA:0,setState
FNDA:0,errorHandler
FNDA:0,(anonymous_12)
FNDA:0,blockStepper
FNDA:0,resetParams
FNDA:0,stepNumberClasses
FNDA:0,nextStep
FNDA:0,nextStepAction
FNDA:0,backStep
FNDA:0,loadingAction
FNDA:0,createAccount
FNDA:0,(anonymous_21)
FNDA:0,loginRegister
FNDA:0,(anonymous_23)
FNDA:0,editAction
FNDA:0,(anonymous_25)
DA:75,0
DA:80,0
DA:81,0
DA:84,0
DA:98,0
DA:101,0
DA:104,0
DA:106,0
DA:111,0
DA:114,0
DA:119,0
DA:124,0
DA:125,0
DA:126,0
DA:127,0
DA:128,0
DA:132,0
DA:133,0
DA:134,0
DA:137,0
DA:138,0
DA:139,0
DA:140,0
DA:143,0
DA:151,0
DA:153,0
DA:155,0
DA:156,0
DA:157,0
DA:162,0
DA:163,0
DA:164,0
DA:167,0
DA:168,0
DA:169,0
DA:172,0
DA:176,0
DA:177,0
DA:178,0
DA:182,0
DA:183,0
DA:184,0
DA:188,0
DA:189,0
DA:194,0
DA:195,0
DA:196,0
DA:197,0
DA:199,0
LF:49
LH:0
BRDA:104,0,0,0
BRDA:104,0,1,0
BRDA:111,1,0,0
BRDA:111,1,1,0
BRDA:144,2,0,0
BRDA:144,2,1,0
BRDA:143,3,0,0
BRDA:143,3,1,0
BRDA:153,4,0,0
BRDA:153,4,1,0
BRDA:155,5,0,0
BRDA:155,5,1,0
BRDA:156,6,0,0
BRDA:156,6,1,0
BRDA:164,7,0,0
BRDA:164,7,1,0
BRDA:169,8,0,0
BRDA:169,8,1,0
BRDA:177,9,0,0
BRDA:177,9,1,0
BRDA:183,10,0,0
BRDA:183,10,1,0
BRDA:196,11,0,0
BRDA:196,11,1,0
BRF:24
BRH:0
end_of_record
TN:
SF:/home/chamhostile/PeetchMe/app-front/src/components/register/StepperPorteur.vue
FN:82,_default
FN:83,_default
FN:85,data
FN:98,activeStep
FN:101,stepComponent
FN:104,iconClasses
FN:111,setStep
FN:114,resetState
FN:119,setState
FN:125,errorHandler
FN:128,(anonymous_12)
FN:132,blockStepper
FN:137,resetParams
FN:143,stepNumberClasses
FN:151,nextStep
FN:160,nextStepAction
FN:165,backStep
FN:170,loadingAction
FN:174,createAccount
FN:177,(anonymous_21)
FN:184,loginRegister
FN:187,(anonymous_23)
FN:196,editAction
FN:198,(anonymous_25)
FNF:24
FNH:0
FNDA:0,_default
FNDA:0,_default
FNDA:0,data
FNDA:0,activeStep
FNDA:0,stepComponent
FNDA:0,iconClasses
FNDA:0,setStep
FNDA:0,resetState
FNDA:0,setState
FNDA:0,errorHandler
FNDA:0,(anonymous_12)
FNDA:0,blockStepper
FNDA:0,resetParams
FNDA:0,stepNumberClasses
FNDA:0,nextStep
FNDA:0,nextStepAction
FNDA:0,backStep
FNDA:0,loadingAction
FNDA:0,createAccount
FNDA:0,(anonymous_21)
FNDA:0,loginRegister
FNDA:0,(anonymous_23)
FNDA:0,editAction
FNDA:0,(anonymous_25)
DA:77,0
DA:82,0
DA:83,0
DA:86,0
DA:99,0
DA:102,0
DA:105,0
DA:107,0
DA:112,0
DA:115,0
DA:120,0
DA:125,0
DA:126,0
DA:127,0
DA:128,0
DA:129,0
DA:133,0
DA:134,0
DA:135,0
DA:138,0
DA:139,0
DA:140,0
DA:141,0
DA:144,0
DA:152,0
DA:154,0
DA:155,0
DA:156,0
DA:161,0
DA:162,0
DA:163,0
DA:166,0
DA:167,0
DA:168,0
DA:171,0
DA:175,0
DA:176,0
DA:177,0
DA:178,0
DA:185,0
DA:186,0
DA:187,0
DA:191,0
DA:192,0
DA:197,0
DA:198,0
DA:199,0
DA:200,0
DA:202,0
LF:49
LH:0
BRDA:105,0,0,0
BRDA:105,0,1,0
BRDA:112,1,0,0
BRDA:112,1,1,0
BRDA:145,2,0,0
BRDA:145,2,1,0
BRDA:144,3,0,0
BRDA:144,3,1,0
BRDA:152,4,0,0
BRDA:152,4,1,0
BRDA:154,5,0,0
BRDA:154,5,1,0
BRDA:155,6,0,0
BRDA:155,6,1,0
BRDA:163,7,0,0
BRDA:163,7,1,0
BRDA:168,8,0,0
BRDA:168,8,1,0
BRDA:176,9,0,0
BRDA:176,9,1,0
BRDA:178,10,0,0
BRDA:178,10,1,0
BRDA:186,11,0,0
BRDA:186,11,1,0
BRDA:199,12,0,0
BRDA:199,12,1,0
BRF:26
BRH:0
end_of_record
TN:
SF:/home/chamhostile/PeetchMe/app-front/src/components/register/steps/RegisterInfos.vue
FN:78,data
FN:98,passwordCompare
FN:105,userInfos
FN:110,editAccount
FN:125,(anonymous_6)
FNF:5
FNH:0
FNDA:0,data
FNDA:0,passwordCompare
FNDA:0,userInfos
FNDA:0,editAccount
FNDA:0,(anonymous_6)
DA:73,0
DA:74,0
DA:79,0
DA:99,0
DA:100,0
DA:106,0
DA:111,0
DA:121,0
DA:123,0
DA:124,0
DA:125,0
DA:126,0
DA:127,0
DA:129,0
LF:14
LH:0
BRDA:100,0,0,0
BRDA:100,0,1,0
BRDA:123,1,0,0
BRDA:123,1,1,0
BRDA:123,2,0,0
BRDA:123,2,1,0
BRDA:126,3,0,0
BRDA:126,3,1,0
BRF:8
BRH:0
end_of_record
TN:
SF:/home/chamhostile/PeetchMe/app-front/src/components/register/steps/RegisterPersonal.vue
FN:72,data
FN:85,userRegister
FN:90,editAccount
FN:101,(anonymous_5)
FNF:4
FNH:0
FNDA:0,data
FNDA:0,userRegister
FNDA:0,editAccount
FNDA:0,(anonymous_5)
DA:67,0
DA:68,0
DA:73,0
DA:86,0
DA:91,0
DA:92,0
DA:99,0
DA:100,0
DA:101,0
DA:102,0
DA:103,0
DA:105,0
LF:12
LH:0
BRDA:99,0,0,0
BRDA:99,0,1,0
BRDA:99,1,0,0
BRDA:99,1,1,0
BRDA:102,2,0,0
BRDA:102,2,1,0
BRF:6
BRH:0
end_of_record
TN:
SF:/home/chamhostile/PeetchMe/app-front/src/components/register/steps/RegisterSubscription.vue
FN:51,getUserType
FN:57,subscribeUser
FN:60,(anonymous_4)
FNF:3
FNH:0
FNDA:0,getUserType
FNDA:0,subscribeUser
FNDA:0,(anonymous_4)
DA:44,0
DA:45,0
DA:52,0
DA:53,0
DA:54,0
DA:55,0
DA:58,0
DA:59,0
DA:60,0
DA:63,0
DA:64,0
DA:65,0
DA:67,0
DA:70,0
LF:14
LH:0
BRDA:63,0,0,0
BRDA:63,0,1,0
BRDA:64,1,0,0
BRDA:64,1,1,0
BRF:4
BRH:0
end_of_record
TN:
SF:/home/chamhostile/PeetchMe/app-front/src/components/register/steps/RegistrationForm.vue
FN:65,data
FN:76,passwordCompare
FN:83,userRegister
FN:88,prepareAccount
FN:96,createAccount
FN:98,(anonymous_7)
FN:99,(anonymous_8)
FN:103,(anonymous_9)
FN:105,(anonymous_10)
FNF:9
FNH:0
FNDA:0,data
FNDA:0,passwordCompare
FNDA:0,userRegister
FNDA:0,prepareAccount
FNDA:0,createAccount
FNDA:0,(anonymous_7)
FNDA:0,(anonymous_8)
FNDA:0,(anonymous_9)
FNDA:0,(anonymous_10)
DA:59,0
DA:60,0
DA:66,0
DA:77,0
DA:78,0
DA:84,0
DA:89,0
DA:97,0
DA:98,0
DA:99,0
DA:103,0
DA:104,0
DA:105,0
DA:106,0
LF:14
LH:0
BRDA:78,0,0,0
BRDA:78,0,1,0
BRF:2
BRH:0
end_of_record
TN:
SF:/home/chamhostile/PeetchMe/app-front/src/components/register/steps/StepsChercheur1.vue
FN:46,data
FN:55,passwordCompare
FN:60,prepareAccount
FNF:3
FNH:0
FNDA:0,data
FNDA:0,passwordCompare
FNDA:0,prepareAccount
DA:31,0
DA:33,0
DA:36,0
DA:39,0
DA:40,0
DA:47,0
DA:56,0
DA:61,0
LF:8
LH:0
BRDA:33,0,0,0
BRDA:33,0,1,0
BRDA:56,1,0,0
BRDA:56,1,1,0
BRF:4
BRH:0
end_of_record
TN:
SF:/home/chamhostile/PeetchMe/app-front/src/components/register/steps/StepsChercheur2.vue
FN:97,data
FN:108,getUserId
FN:114,editAccount
FNF:3
FNH:0
FNDA:0,data
FNDA:0,getUserId
FNDA:0,editAccount
DA:93,0
DA:98,0
DA:109,0
DA:110,0
DA:111,0
DA:112,0
DA:115,0
DA:116,0
LF:8
LH:0
BRF:0
BRH:0
end_of_record
TN:
SF:/home/chamhostile/PeetchMe/app-front/src/components/register/steps/StepsPorteur1.vue
FN:33,data
FN:42,passwordCompare
FN:45,fieldValidated
FN:50,prepareAccount
FNF:4
FNH:0
FNDA:0,data
FNDA:0,passwordCompare
FNDA:0,fieldValidated
FNDA:0,prepareAccount
DA:28,0
DA:34,0
DA:43,0
DA:46,0
DA:51,0
LF:5
LH:0
BRDA:43,0,0,0
BRDA:43,0,1,0
BRDA:46,1,0,0
BRDA:46,1,1,0
BRDA:46,2,0,0
BRDA:46,2,1,0
BRDA:46,2,2,0
BRF:7
BRH:0
end_of_record
TN:
SF:/home/chamhostile/PeetchMe/app-front/src/components/register/steps/StepsPorteur2.vue
FN:98,data
FN:115,getUserId
FN:119,editAccount
FNF:3
FNH:0
FNDA:0,data
FNDA:0,getUserId
FNDA:0,editAccount
DA:94,0
DA:99,0
DA:116,0
DA:117,0
DA:120,0
LF:5
LH:0
BRF:0
BRH:0
end_of_record
TN:
SF:/home/chamhostile/PeetchMe/app-front/src/components/register/steps/StepsPorteur3.vue
FN:57,data
FN:69,getUserId
FN:75,editAccount
FNF:3
FNH:0
FNDA:0,data
FNDA:0,getUserId
FNDA:0,editAccount
DA:52,0
DA:58,0
DA:70,0
DA:71,0
DA:72,0
DA:73,0
DA:76,0
LF:7
LH:0
BRF:0
BRH:0
end_of_record
